Dec  8 09:45:59 mini2440 getty[973]: /dev/s3c2410_serial0: No such file or directory
Dec  8 09:46:10 mini2440 getty[978]: /dev/s3c2410_serial0: No such file or directory
Dec  8 09:46:20 mini2440 getty[979]: /dev/s3c2410_serial0: No such file or directory
Dec  8 09:46:30 mini2440 getty[980]: /dev/s3c2410_serial0: No such file or directory
Dec  8 09:46:42 mini2440 getty[981]: /dev/s3c2410_serial0: No such file or directory
Dec  8 09:46:52 mini2440 getty[982]: /dev/s3c2410_serial0: No such file or directory
Dec  8 09:47:02 mini2440 getty[983]: /dev/s3c2410_serial0: No such file or directory
Dec  8 09:47:12 mini2440 getty[984]: /dev/s3c2410_serial0: No such file or directory
Dec  8 09:47:22 mini2440 getty[985]: /dev/s3c2410_serial0: No such file or directory
Dec  8 09:47:32 mini2440 getty[986]: /dev/s3c2410_serial0: No such file or directory
Dec  8 09:48:50 mini2440 login[961]: pam_unix(login:auth): check pass; user unknown
Dec  8 09:48:50 mini2440 login[961]: pam_unix(login:auth): authentication failure; logname=LOGIN uid=0 euid=0 tty=tty1 ruser= rhost= 
Dec  8 09:48:53 mini2440 login[961]: FAILED LOGIN (1) on 'tty1' FOR `UNKNOWN', User not known to the underlying authentication module
Dec  8 09:48:58 mini2440 login[961]: pam_unix(login:auth): check pass; user unknown
Dec  8 09:48:58 mini2440 login[961]: pam_unix(login:auth): authentication failure; logname=LOGIN uid=0 euid=0 tty=tty1 ruser= rhost= 
Dec  8 09:49:01 mini2440 login[961]: FAILED LOGIN (2) on 'tty1' FOR `UNKNOWN', User not known to the underlying authentication module
Dec  8 09:49:07 mini2440 login[961]: pam_unix(login:auth): check pass; user unknown
Dec  8 09:49:07 mini2440 login[961]: pam_unix(login:auth): authentication failure; logname=LOGIN uid=0 euid=0 tty=tty1 ruser= rhost= 
Dec  8 09:49:10 mini2440 login[961]: FAILED LOGIN (3) on 'tty1' FOR `UNKNOWN', User not known to the underlying authentication module
Dec  8 09:50:05 mini2440 login[996]: pam_env(login:session): Unable to open env file: /etc/default/locale: No such file or directory
Dec  8 09:50:05 mini2440 login[996]: pam_unix(login:session): session opened for user root by LOGIN(uid=0)
Dec  8 09:50:05 mini2440 login[997]: ROOT LOGIN  on 'tty1'
Dec  8 09:55:48 mini2440 getty[1003]: /dev/s3c2410_serial0: No such file or directory
Dec  8 09:55:55 mini2440 login[995]: pam_env(login:session): Unable to open env file: /etc/default/locale: No such file or directory
Dec  8 09:55:55 mini2440 login[995]: pam_unix(login:session): session opened for user root by LOGIN(uid=0)
Dec  8 09:55:55 mini2440 login[1012]: ROOT LOGIN  on 'tty1'
Dec  8 09:55:58 mini2440 getty[1016]: /dev/s3c2410_serial0: No such file or directory
Dec  8 09:56:08 mini2440 getty[1037]: /dev/s3c2410_serial0: No such file or directory
Dec  8 09:56:32 mini2440 getty[1041]: /dev/s3c2410_serial0: No such file or directory
Dec  8 09:56:43 mini2440 getty[1042]: /dev/s3c2410_serial0: No such file or directory
Dec  8 09:56:53 mini2440 getty[1043]: /dev/s3c2410_serial0: No such file or directory
Dec  8 09:57:03 mini2440 getty[1044]: /dev/s3c2410_serial0: No such file or directory
Dec  8 09:57:14 mini2440 getty[1045]: /dev/s3c2410_serial0: No such file or directory
Dec  8 09:57:31 mini2440 getty[1046]: /dev/s3c2410_serial0: No such file or directory
Dec  8 09:57:41 mini2440 getty[1047]: /dev/s3c2410_serial0: No such file or directory
Dec  8 09:57:51 mini2440 getty[1049]: /dev/s3c2410_serial0: No such file or directory
Dec  8 09:58:01 mini2440 getty[1062]: /dev/s3c2410_serial0: No such file or directory
Dec  8 09:58:13 mini2440 getty[1063]: /dev/s3c2410_serial0: No such file or directory
Dec  8 09:58:23 mini2440 getty[1065]: /dev/s3c2410_serial0: No such file or directory
Dec  8 09:58:33 mini2440 getty[1066]: /dev/s3c2410_serial0: No such file or directory
Dec  8 09:58:43 mini2440 getty[1067]: /dev/s3c2410_serial0: No such file or directory
Dec  8 09:58:53 mini2440 getty[1068]: /dev/s3c2410_serial0: No such file or directory
Dec  8 09:59:03 mini2440 getty[1069]: /dev/s3c2410_serial0: No such file or directory
Dec  8 09:59:13 mini2440 getty[1070]: /dev/s3c2410_serial0: No such file or directory
Dec  8 09:59:24 mini2440 getty[1071]: /dev/s3c2410_serial0: No such file or directory
Dec  8 10:04:35 mini2440 getty[1097]: /dev/s3c2410_serial0: No such file or directory
Dec  8 10:04:45 mini2440 getty[1102]: /dev/s3c2410_serial0: No such file or directory
Dec  8 10:04:55 mini2440 getty[1104]: /dev/s3c2410_serial0: No such file or directory
Dec  8 10:05:05 mini2440 getty[1106]: /dev/s3c2410_serial0: No such file or directory
Dec  8 10:05:16 mini2440 getty[1107]: /dev/s3c2410_serial0: No such file or directory
Dec  8 10:05:26 mini2440 getty[1108]: /dev/s3c2410_serial0: No such file or directory
Dec  8 10:05:36 mini2440 getty[1109]: /dev/s3c2410_serial0: No such file or directory
Dec  8 10:05:46 mini2440 getty[1111]: /dev/s3c2410_serial0: No such file or directory
Dec  8 10:05:56 mini2440 getty[1112]: /dev/s3c2410_serial0: No such file or directory
Dec  8 10:06:06 mini2440 getty[1113]: /dev/s3c2410_serial0: No such file or directory
Jan  8 09:13:03 mini2440 getty[973]: /dev/s3c2410_serial0: No such file or directory
Jan  8 09:13:13 mini2440 getty[976]: /dev/s3c2410_serial0: No such file or directory
Jan  8 09:13:23 mini2440 getty[977]: /dev/s3c2410_serial0: No such file or directory
Jan  8 09:13:29 mini2440 login[959]: pam_unix(login:account): account root has password changed in future
Jan  8 09:13:29 mini2440 login[959]: pam_env(login:session): Unable to open env file: /etc/default/locale: No such file or directory
Jan  8 09:13:29 mini2440 login[959]: pam_unix(login:session): session opened for user root by LOGIN(uid=0)
Jan  8 09:13:30 mini2440 login[978]: ROOT LOGIN  on 'tty1'
Jan  8 09:13:34 mini2440 getty[983]: /dev/s3c2410_serial0: No such file or directory
Jan  8 09:13:44 mini2440 getty[984]: /dev/s3c2410_serial0: No such file or directory
Jan  8 09:13:55 mini2440 getty[985]: /dev/s3c2410_serial0: No such file or directory
Jan  8 09:14:05 mini2440 getty[986]: /dev/s3c2410_serial0: No such file or directory
Jan  8 09:14:15 mini2440 getty[987]: /dev/s3c2410_serial0: No such file or directory
Jan  8 09:14:26 mini2440 getty[988]: /dev/s3c2410_serial0: No such file or directory
Jan  8 09:14:36 mini2440 getty[990]: /dev/s3c2410_serial0: No such file or directory
Jan  8 09:26:01 mini2440 getty[976]: /dev/s3c2410_serial0: No such file or directory
Jan  8 09:26:11 mini2440 getty[979]: /dev/s3c2410_serial0: No such file or directory
Jan  8 09:26:22 mini2440 getty[980]: /dev/s3c2410_serial0: No such file or directory
Jan  8 09:26:24 mini2440 login[962]: pam_unix(login:account): account root has password changed in future
Jan  8 09:26:24 mini2440 login[962]: pam_env(login:session): Unable to open env file: /etc/default/locale: No such file or directory
Jan  8 09:26:25 mini2440 login[962]: pam_unix(login:session): session opened for user root by LOGIN(uid=0)
Jan  8 09:26:25 mini2440 login[981]: ROOT LOGIN  on 'tty1'
Jan  8 09:26:32 mini2440 getty[985]: /dev/s3c2410_serial0: No such file or directory
Jan  8 09:26:42 mini2440 getty[987]: /dev/s3c2410_serial0: No such file or directory
Jan  8 09:26:53 mini2440 getty[988]: /dev/s3c2410_serial0: No such file or directory
Jan  8 09:27:03 mini2440 getty[989]: /dev/s3c2410_serial0: No such file or directory
Jan  8 09:27:14 mini2440 getty[990]: /dev/s3c2410_serial0: No such file or directory
Jan  8 09:27:24 mini2440 getty[991]: /dev/s3c2410_serial0: No such file or directory
Jan  8 09:27:34 mini2440 getty[992]: /dev/s3c2410_serial0: No such file or directory
Jan  8 09:32:46 mini2440 getty[995]: /dev/s3c2410_serial0: No such file or directory
Jan  8 09:32:57 mini2440 getty[996]: /dev/s3c2410_serial0: No such file or directory
Jan  8 09:33:07 mini2440 getty[997]: /dev/s3c2410_serial0: No such file or directory
Jan  8 09:33:17 mini2440 getty[998]: /dev/s3c2410_serial0: No such file or directory
Jan  8 09:33:28 mini2440 getty[999]: /dev/s3c2410_serial0: No such file or directory
Jan  8 09:33:38 mini2440 getty[1000]: /dev/s3c2410_serial0: No such file or directory
Jan  8 09:33:49 mini2440 getty[1001]: /dev/s3c2410_serial0: No such file or directory
Jan  8 09:33:59 mini2440 getty[1002]: /dev/s3c2410_serial0: No such file or directory
Jan  8 09:34:09 mini2440 getty[1003]: /dev/s3c2410_serial0: No such file or directory
Jan  8 09:34:20 mini2440 getty[1004]: /dev/s3c2410_serial0: No such file or directory
Jan  8 09:39:31 mini2440 getty[1006]: /dev/s3c2410_serial0: No such file or directory
Jan  8 09:39:41 mini2440 getty[1007]: /dev/s3c2410_serial0: No such file or directory
Jan  8 09:39:52 mini2440 getty[1008]: /dev/s3c2410_serial0: No such file or directory
Jan  8 09:40:02 mini2440 getty[1009]: /dev/s3c2410_serial0: No such file or directory
Jan  8 09:40:13 mini2440 getty[1010]: /dev/s3c2410_serial0: No such file or directory
Jan  8 09:40:23 mini2440 getty[1011]: /dev/s3c2410_serial0: No such file or directory
Jan  8 09:40:34 mini2440 getty[1012]: /dev/s3c2410_serial0: No such file or directory
Jan  8 09:40:44 mini2440 getty[1013]: /dev/s3c2410_serial0: No such file or directory
Jan  8 09:40:54 mini2440 getty[1014]: /dev/s3c2410_serial0: No such file or directory
Jan  8 09:41:05 mini2440 getty[1015]: /dev/s3c2410_serial0: No such file or directory
Jan  8 09:59:16 mini2440 getty[976]: /dev/s3c2410_serial0: No such file or directory
Jan  8 09:59:27 mini2440 getty[979]: /dev/s3c2410_serial0: No such file or directory
Jan  8 09:59:37 mini2440 getty[980]: /dev/s3c2410_serial0: No such file or directory
Jan  8 09:59:48 mini2440 getty[981]: /dev/s3c2410_serial0: No such file or directory
Jan  8 09:59:54 mini2440 login[962]: pam_unix(login:account): account root has password changed in future
Jan  8 09:59:54 mini2440 login[962]: pam_env(login:session): Unable to open env file: /etc/default/locale: No such file or directory
Jan  8 09:59:54 mini2440 login[962]: pam_unix(login:session): session opened for user root by LOGIN(uid=0)
Jan  8 09:59:54 mini2440 login[982]: ROOT LOGIN  on 'tty1'
Jan  8 09:59:58 mini2440 getty[987]: /dev/s3c2410_serial0: No such file or directory
Jan  8 10:00:08 mini2440 getty[988]: /dev/s3c2410_serial0: No such file or directory
Jan  8 10:00:19 mini2440 getty[990]: /dev/s3c2410_serial0: No such file or directory
Jan  8 10:00:29 mini2440 getty[991]: /dev/s3c2410_serial0: No such file or directory
Jan  8 10:00:39 mini2440 getty[992]: /dev/s3c2410_serial0: No such file or directory
Jan  8 10:00:50 mini2440 getty[994]: /dev/s3c2410_serial0: No such file or directory
Jan  8 10:03:44 mini2440 login[962]: pam_unix(login:session): session closed for user root
Jan  8 10:06:36 mini2440 getty[992]: /dev/s3c2410_serial0: No such file or directory
Jan  8 10:06:46 mini2440 getty[995]: /dev/s3c2410_serial0: No such file or directory
Jan  8 10:06:48 mini2440 login[978]: pam_unix(login:account): account root has password changed in future
Jan  8 10:06:48 mini2440 login[978]: pam_env(login:session): Unable to open env file: /etc/default/locale: No such file or directory
Jan  8 10:06:48 mini2440 login[978]: pam_unix(login:session): session opened for user root by LOGIN(uid=0)
Jan  8 10:06:48 mini2440 login[996]: ROOT LOGIN  on 'tty1'
Jan  8 10:06:56 mini2440 getty[1003]: /dev/s3c2410_serial0: No such file or directory
Jan  8 10:07:07 mini2440 getty[1004]: /dev/s3c2410_serial0: No such file or directory
Jan  8 10:07:17 mini2440 getty[1005]: /dev/s3c2410_serial0: No such file or directory
Jan  8 10:07:28 mini2440 getty[1006]: /dev/s3c2410_serial0: No such file or directory
Jan  8 10:07:38 mini2440 getty[1007]: /dev/s3c2410_serial0: No such file or directory
Jan  8 10:07:48 mini2440 getty[1008]: /dev/s3c2410_serial0: No such file or directory
Jan  8 10:07:59 mini2440 getty[1009]: /dev/s3c2410_serial0: No such file or directory
Jan  8 10:08:09 mini2440 getty[1010]: /dev/s3c2410_serial0: No such file or directory
Jan  8 10:13:20 mini2440 getty[1012]: /dev/s3c2410_serial0: No such file or directory
Jan  8 10:13:31 mini2440 getty[1014]: /dev/s3c2410_serial0: No such file or directory
Jan  8 10:13:41 mini2440 getty[1015]: /dev/s3c2410_serial0: No such file or directory
Jan  8 10:13:51 mini2440 getty[1016]: /dev/s3c2410_serial0: No such file or directory
Jan  8 10:14:02 mini2440 getty[1017]: /dev/s3c2410_serial0: No such file or directory
Jan  8 10:14:12 mini2440 getty[1018]: /dev/s3c2410_serial0: No such file or directory
Jan  8 10:14:23 mini2440 getty[1019]: /dev/s3c2410_serial0: No such file or directory
Jan  8 10:14:33 mini2440 getty[1020]: /dev/s3c2410_serial0: No such file or directory
Jan  8 10:14:43 mini2440 getty[1021]: /dev/s3c2410_serial0: No such file or directory
Jan  8 10:14:54 mini2440 getty[1022]: /dev/s3c2410_serial0: No such file or directory
Jan  8 10:17:02 mini2440 CRON[1024]: pam_unix(cron:account): account root has password changed in future
Jan  8 10:17:02 mini2440 CRON[1024]: pam_unix(cron:session): session opened for user root by (uid=0)
Jan  8 10:17:02 mini2440 CRON[1024]: pam_unix(cron:session): session closed for user root
Jan  8 10:20:06 mini2440 getty[1028]: /dev/s3c2410_serial0: No such file or directory
Jan  8 10:20:16 mini2440 getty[1029]: /dev/s3c2410_serial0: No such file or directory
Jan  8 10:20:27 mini2440 getty[1030]: /dev/s3c2410_serial0: No such file or directory
Jan  8 10:20:37 mini2440 getty[1031]: /dev/s3c2410_serial0: No such file or directory
Jan  8 10:20:47 mini2440 getty[1032]: /dev/s3c2410_serial0: No such file or directory
Jan  8 10:20:58 mini2440 getty[1033]: /dev/s3c2410_serial0: No such file or directory
Jan  8 10:21:08 mini2440 getty[1034]: /dev/s3c2410_serial0: No such file or directory
Jan  8 10:21:19 mini2440 getty[1035]: /dev/s3c2410_serial0: No such file or directory
Jan  8 10:21:29 mini2440 getty[1036]: /dev/s3c2410_serial0: No such file or directory
Jan  8 10:21:39 mini2440 getty[1037]: /dev/s3c2410_serial0: No such file or directory
Jan  8 10:26:51 mini2440 getty[1039]: /dev/s3c2410_serial0: No such file or directory
Jan  8 10:27:02 mini2440 getty[1040]: /dev/s3c2410_serial0: No such file or directory
Jan  8 10:27:12 mini2440 getty[1041]: /dev/s3c2410_serial0: No such file or directory
Jan  8 10:27:23 mini2440 getty[1042]: /dev/s3c2410_serial0: No such file or directory
Jan  8 10:27:33 mini2440 getty[1043]: /dev/s3c2410_serial0: No such file or directory
Jan  8 10:27:44 mini2440 getty[1044]: /dev/s3c2410_serial0: No such file or directory
Jan  8 10:27:54 mini2440 getty[1045]: /dev/s3c2410_serial0: No such file or directory
Jan  8 10:28:04 mini2440 getty[1046]: /dev/s3c2410_serial0: No such file or directory
Jan  8 10:28:15 mini2440 getty[1047]: /dev/s3c2410_serial0: No such file or directory
Jan  8 10:28:25 mini2440 getty[1048]: /dev/s3c2410_serial0: No such file or directory
Jan  8 10:33:36 mini2440 getty[1050]: /dev/s3c2410_serial0: No such file or directory
Jan  8 10:33:47 mini2440 getty[1052]: /dev/s3c2410_serial0: No such file or directory
Jan  8 10:33:57 mini2440 getty[1053]: /dev/s3c2410_serial0: No such file or directory
Jan  8 10:34:07 mini2440 getty[1054]: /dev/s3c2410_serial0: No such file or directory
Jan  8 10:34:18 mini2440 getty[1055]: /dev/s3c2410_serial0: No such file or directory
Jan  8 10:34:28 mini2440 getty[1056]: /dev/s3c2410_serial0: No such file or directory
Jan  8 10:34:39 mini2440 getty[1057]: /dev/s3c2410_serial0: No such file or directory
Jan  8 10:34:49 mini2440 getty[1058]: /dev/s3c2410_serial0: No such file or directory
Jan  8 10:34:59 mini2440 getty[1059]: /dev/s3c2410_serial0: No such file or directory
Jan  8 10:35:10 mini2440 getty[1060]: /dev/s3c2410_serial0: No such file or directory
Jan  8 10:39:39 mini2440 getty[993]: /dev/s3c2410_serial0: No such file or directory
Jan  8 10:39:49 mini2440 getty[996]: /dev/s3c2410_serial0: No such file or directory
Jan  8 10:40:00 mini2440 getty[997]: /dev/s3c2410_serial0: No such file or directory
Jan  8 10:40:10 mini2440 getty[998]: /dev/s3c2410_serial0: No such file or directory
Jan  8 10:40:20 mini2440 login[979]: pam_unix(login:account): account root has password changed in future
Jan  8 10:40:20 mini2440 login[979]: pam_env(login:session): Unable to open env file: /etc/default/locale: No such file or directory
Jan  8 10:40:20 mini2440 getty[999]: /dev/s3c2410_serial0: No such file or directory
Jan  8 10:40:21 mini2440 login[979]: pam_unix(login:session): session opened for user root by LOGIN(uid=0)
Jan  8 10:40:21 mini2440 login[1000]: ROOT LOGIN  on 'tty1'
Jan  8 10:40:31 mini2440 getty[1005]: /dev/s3c2410_serial0: No such file or directory
Jan  8 10:40:41 mini2440 getty[1006]: /dev/s3c2410_serial0: No such file or directory
Jan  8 10:40:52 mini2440 getty[1007]: /dev/s3c2410_serial0: No such file or directory
Jan  8 10:41:02 mini2440 getty[1008]: /dev/s3c2410_serial0: No such file or directory
Jan  8 10:41:13 mini2440 getty[1009]: /dev/s3c2410_serial0: No such file or directory
Jan  8 10:46:25 mini2440 getty[1011]: /dev/s3c2410_serial0: No such file or directory
Jan  8 10:46:35 mini2440 getty[1012]: /dev/s3c2410_serial0: No such file or directory
Jan  8 10:46:45 mini2440 getty[1013]: /dev/s3c2410_serial0: No such file or directory
Jan  8 10:46:56 mini2440 getty[1014]: /dev/s3c2410_serial0: No such file or directory
Jan  8 10:47:06 mini2440 getty[1015]: /dev/s3c2410_serial0: No such file or directory
Jan  8 10:47:17 mini2440 getty[1016]: /dev/s3c2410_serial0: No such file or directory
Jan  8 10:47:27 mini2440 getty[1017]: /dev/s3c2410_serial0: No such file or directory
Jan  8 10:47:37 mini2440 getty[1018]: /dev/s3c2410_serial0: No such file or directory
Jan  8 10:47:48 mini2440 getty[1019]: /dev/s3c2410_serial0: No such file or directory
Jan  8 10:47:58 mini2440 getty[1020]: /dev/s3c2410_serial0: No such file or directory
Jan  8 10:53:09 mini2440 getty[1022]: /dev/s3c2410_serial0: No such file or directory
Jan  8 10:53:20 mini2440 getty[1023]: /dev/s3c2410_serial0: No such file or directory
Jan  8 10:53:30 mini2440 getty[1024]: /dev/s3c2410_serial0: No such file or directory
Jan  8 10:53:40 mini2440 getty[1025]: /dev/s3c2410_serial0: No such file or directory
Jan  8 10:53:51 mini2440 getty[1026]: /dev/s3c2410_serial0: No such file or directory
Jan  8 10:54:01 mini2440 getty[1027]: /dev/s3c2410_serial0: No such file or directory
Jan  8 10:54:12 mini2440 getty[1028]: /dev/s3c2410_serial0: No such file or directory
Jan  8 10:54:22 mini2440 getty[1029]: /dev/s3c2410_serial0: No such file or directory
Jan  8 10:54:32 mini2440 getty[1030]: /dev/s3c2410_serial0: No such file or directory
Jan  8 10:54:43 mini2440 getty[1031]: /dev/s3c2410_serial0: No such file or directory
Jan  8 10:59:55 mini2440 getty[1033]: /dev/s3c2410_serial0: No such file or directory
Jan  8 11:00:05 mini2440 getty[1034]: /dev/s3c2410_serial0: No such file or directory
Jan  8 11:00:16 mini2440 getty[1035]: /dev/s3c2410_serial0: No such file or directory
Jan  8 11:00:26 mini2440 getty[1036]: /dev/s3c2410_serial0: No such file or directory
Jan  8 11:00:36 mini2440 getty[1037]: /dev/s3c2410_serial0: No such file or directory
Jan  8 11:00:47 mini2440 getty[1038]: /dev/s3c2410_serial0: No such file or directory
Jan  8 11:00:57 mini2440 getty[1039]: /dev/s3c2410_serial0: No such file or directory
Jan  8 11:01:08 mini2440 getty[1040]: /dev/s3c2410_serial0: No such file or directory
Jan  8 11:01:18 mini2440 getty[1041]: /dev/s3c2410_serial0: No such file or directory
Jan  8 11:01:28 mini2440 getty[1042]: /dev/s3c2410_serial0: No such file or directory
Jan  8 11:06:39 mini2440 getty[1044]: /dev/s3c2410_serial0: No such file or directory
Jan  8 11:06:50 mini2440 getty[1045]: /dev/s3c2410_serial0: No such file or directory
Jan  8 11:07:00 mini2440 getty[1046]: /dev/s3c2410_serial0: No such file or directory
Jan  8 11:07:10 mini2440 getty[1047]: /dev/s3c2410_serial0: No such file or directory
Jan  8 11:07:21 mini2440 getty[1048]: /dev/s3c2410_serial0: No such file or directory
Jan  8 11:07:31 mini2440 getty[1049]: /dev/s3c2410_serial0: No such file or directory
Jan  8 11:07:42 mini2440 getty[1050]: /dev/s3c2410_serial0: No such file or directory
Jan  8 11:07:52 mini2440 getty[1051]: /dev/s3c2410_serial0: No such file or directory
Jan  8 11:08:02 mini2440 getty[1052]: /dev/s3c2410_serial0: No such file or directory
Jan  8 11:08:13 mini2440 getty[1053]: /dev/s3c2410_serial0: No such file or directory
Jan  8 11:13:25 mini2440 getty[1055]: /dev/s3c2410_serial0: No such file or directory
Jan  8 11:13:35 mini2440 getty[1056]: /dev/s3c2410_serial0: No such file or directory
Jan  8 11:13:45 mini2440 getty[1057]: /dev/s3c2410_serial0: No such file or directory
Jan  8 11:13:56 mini2440 getty[1058]: /dev/s3c2410_serial0: No such file or directory
Jan  8 11:14:06 mini2440 getty[1059]: /dev/s3c2410_serial0: No such file or directory
Jan  8 11:14:17 mini2440 getty[1060]: /dev/s3c2410_serial0: No such file or directory
Jan  8 11:14:27 mini2440 getty[1061]: /dev/s3c2410_serial0: No such file or directory
Jan  8 11:14:37 mini2440 getty[1062]: /dev/s3c2410_serial0: No such file or directory
Jan  8 11:14:48 mini2440 getty[1063]: /dev/s3c2410_serial0: No such file or directory
Jan  8 11:14:58 mini2440 getty[1064]: /dev/s3c2410_serial0: No such file or directory
Jan  8 11:17:01 mini2440 CRON[1065]: pam_unix(cron:account): account root has password changed in future
Jan  8 11:17:01 mini2440 CRON[1065]: pam_unix(cron:session): session opened for user root by (uid=0)
Jan  8 11:17:01 mini2440 CRON[1065]: pam_unix(cron:session): session closed for user root
Jan  8 11:20:09 mini2440 getty[1069]: /dev/s3c2410_serial0: No such file or directory
Jan  8 11:20:19 mini2440 getty[1070]: /dev/s3c2410_serial0: No such file or directory
Jan  8 11:20:30 mini2440 getty[1071]: /dev/s3c2410_serial0: No such file or directory
Jan  8 11:20:40 mini2440 getty[1072]: /dev/s3c2410_serial0: No such file or directory
Jan  8 11:20:51 mini2440 getty[1073]: /dev/s3c2410_serial0: No such file or directory
Jan  8 11:21:01 mini2440 getty[1074]: /dev/s3c2410_serial0: No such file or directory
Jan  8 11:21:11 mini2440 getty[1075]: /dev/s3c2410_serial0: No such file or directory
Jan  8 11:21:22 mini2440 getty[1076]: /dev/s3c2410_serial0: No such file or directory
Jan  8 11:21:32 mini2440 getty[1077]: /dev/s3c2410_serial0: No such file or directory
Jan  8 11:21:43 mini2440 getty[1078]: /dev/s3c2410_serial0: No such file or directory
Jan  8 14:11:46 mini2440 getty[1001]: /dev/s3c2410_serial0: No such file or directory
Jan  8 14:11:56 mini2440 getty[1004]: /dev/s3c2410_serial0: No such file or directory
Jan  8 14:12:06 mini2440 getty[1005]: /dev/s3c2410_serial0: No such file or directory
Jan  8 14:12:17 mini2440 getty[1006]: /dev/s3c2410_serial0: No such file or directory
Jan  8 14:12:27 mini2440 getty[1007]: /dev/s3c2410_serial0: No such file or directory
Jan  8 14:12:38 mini2440 getty[1008]: /dev/s3c2410_serial0: No such file or directory
Jan  8 14:12:48 mini2440 getty[1009]: /dev/s3c2410_serial0: No such file or directory
Jan  8 14:12:58 mini2440 getty[1010]: /dev/s3c2410_serial0: No such file or directory
Jan  8 14:42:55 mini2440 getty[1000]: /dev/s3c2410_serial0: No such file or directory
Jan  8 14:43:05 mini2440 getty[1003]: /dev/s3c2410_serial0: No such file or directory
Jan  8 14:43:16 mini2440 getty[1004]: /dev/s3c2410_serial0: No such file or directory
Jan  8 14:43:26 mini2440 getty[1005]: /dev/s3c2410_serial0: No such file or directory
Jan  8 14:43:33 mini2440 login[986]: pam_unix(login:account): account root has password changed in future
Jan  8 14:43:33 mini2440 login[986]: pam_env(login:session): Unable to open env file: /etc/default/locale: No such file or directory
Jan  8 14:43:33 mini2440 login[986]: pam_unix(login:session): session opened for user root by LOGIN(uid=0)
Jan  8 14:43:34 mini2440 login[1006]: ROOT LOGIN  on 'tty1'
Jan  8 14:43:36 mini2440 getty[1011]: /dev/s3c2410_serial0: No such file or directory
Jan  8 14:43:47 mini2440 getty[1013]: /dev/s3c2410_serial0: No such file or directory
Jan  8 14:43:57 mini2440 getty[1014]: /dev/s3c2410_serial0: No such file or directory
Jan  8 14:44:08 mini2440 getty[1015]: /dev/s3c2410_serial0: No such file or directory
Jan  8 14:44:18 mini2440 getty[1016]: /dev/s3c2410_serial0: No such file or directory
Jan  8 14:44:29 mini2440 getty[1017]: /dev/s3c2410_serial0: No such file or directory
Jan  8 14:49:41 mini2440 getty[1028]: /dev/s3c2410_serial0: No such file or directory
Jan  8 14:49:51 mini2440 getty[1029]: /dev/s3c2410_serial0: No such file or directory
Jan  8 14:50:02 mini2440 getty[1030]: /dev/s3c2410_serial0: No such file or directory
Jan  8 14:50:12 mini2440 getty[1031]: /dev/s3c2410_serial0: No such file or directory
Jan  8 14:50:22 mini2440 getty[1032]: /dev/s3c2410_serial0: No such file or directory
Jan  8 14:50:33 mini2440 getty[1033]: /dev/s3c2410_serial0: No such file or directory
Jan  8 14:50:43 mini2440 getty[1034]: /dev/s3c2410_serial0: No such file or directory
Jan  8 14:50:54 mini2440 getty[1035]: /dev/s3c2410_serial0: No such file or directory
Jan  8 14:51:04 mini2440 getty[1036]: /dev/s3c2410_serial0: No such file or directory
Jan  8 14:51:14 mini2440 getty[1037]: /dev/s3c2410_serial0: No such file or directory
Jan  8 14:56:25 mini2440 getty[1039]: /dev/s3c2410_serial0: No such file or directory
Jan  8 14:56:36 mini2440 getty[1040]: /dev/s3c2410_serial0: No such file or directory
Jan  8 14:56:46 mini2440 getty[1041]: /dev/s3c2410_serial0: No such file or directory
Jan  8 14:56:57 mini2440 getty[1042]: /dev/s3c2410_serial0: No such file or directory
Jan  8 14:57:07 mini2440 getty[1043]: /dev/s3c2410_serial0: No such file or directory
Jan  8 14:57:18 mini2440 getty[1044]: /dev/s3c2410_serial0: No such file or directory
Jan  8 14:57:28 mini2440 getty[1045]: /dev/s3c2410_serial0: No such file or directory
Jan  8 14:57:39 mini2440 getty[1046]: /dev/s3c2410_serial0: No such file or directory
Jan  8 14:57:49 mini2440 getty[1047]: /dev/s3c2410_serial0: No such file or directory
Jan  8 14:58:00 mini2440 getty[1048]: /dev/s3c2410_serial0: No such file or directory
Jan  8 15:03:12 mini2440 getty[1050]: /dev/s3c2410_serial0: No such file or directory
Jan  8 15:03:22 mini2440 getty[1051]: /dev/s3c2410_serial0: No such file or directory
Jan  8 15:03:32 mini2440 getty[1052]: /dev/s3c2410_serial0: No such file or directory
Jan  8 15:03:43 mini2440 getty[1053]: /dev/s3c2410_serial0: No such file or directory
Jan  8 15:03:53 mini2440 getty[1054]: /dev/s3c2410_serial0: No such file or directory
Jan  8 15:04:03 mini2440 getty[1055]: /dev/s3c2410_serial0: No such file or directory
Jan  8 15:04:14 mini2440 getty[1056]: /dev/s3c2410_serial0: No such file or directory
Jan  8 15:04:24 mini2440 getty[1057]: /dev/s3c2410_serial0: No such file or directory
Jan  8 15:04:35 mini2440 getty[1058]: /dev/s3c2410_serial0: No such file or directory
Jan  8 15:04:45 mini2440 getty[1059]: /dev/s3c2410_serial0: No such file or directory
Jan  8 15:09:56 mini2440 getty[1070]: /dev/s3c2410_serial0: No such file or directory
Jan  8 15:10:07 mini2440 getty[1071]: /dev/s3c2410_serial0: No such file or directory
Jan  8 15:10:17 mini2440 getty[1073]: /dev/s3c2410_serial0: No such file or directory
Jan  8 15:10:27 mini2440 getty[1076]: /dev/s3c2410_serial0: No such file or directory
Jan  8 15:10:38 mini2440 getty[1079]: /dev/s3c2410_serial0: No such file or directory
Jan  8 15:10:48 mini2440 getty[1080]: /dev/s3c2410_serial0: No such file or directory
Jan  8 15:10:59 mini2440 getty[1081]: /dev/s3c2410_serial0: No such file or directory
Jan  8 15:11:09 mini2440 getty[1082]: /dev/s3c2410_serial0: No such file or directory
Jan  8 15:11:19 mini2440 getty[1083]: /dev/s3c2410_serial0: No such file or directory
Jan  8 15:11:30 mini2440 getty[1084]: /dev/s3c2410_serial0: No such file or directory
Jan  8 15:16:41 mini2440 getty[1086]: /dev/s3c2410_serial0: No such file or directory
Jan  8 15:16:51 mini2440 getty[1087]: /dev/s3c2410_serial0: No such file or directory
Jan  8 15:17:01 mini2440 CRON[1088]: pam_unix(cron:account): account root has password changed in future
Jan  8 15:17:01 mini2440 CRON[1088]: pam_unix(cron:session): session opened for user root by (uid=0)
Jan  8 15:17:01 mini2440 CRON[1088]: pam_unix(cron:session): session closed for user root
Jan  8 15:17:02 mini2440 getty[1091]: /dev/s3c2410_serial0: No such file or directory
Jan  8 15:17:12 mini2440 getty[1092]: /dev/s3c2410_serial0: No such file or directory
Jan  8 15:17:23 mini2440 getty[1093]: /dev/s3c2410_serial0: No such file or directory
Jan  8 15:17:33 mini2440 getty[1094]: /dev/s3c2410_serial0: No such file or directory
Jan  8 15:17:43 mini2440 getty[1095]: /dev/s3c2410_serial0: No such file or directory
Jan  8 15:17:54 mini2440 getty[1096]: /dev/s3c2410_serial0: No such file or directory
Jan  8 15:18:04 mini2440 getty[1097]: /dev/s3c2410_serial0: No such file or directory
Jan  8 15:18:15 mini2440 getty[1098]: /dev/s3c2410_serial0: No such file or directory
Jan  8 15:23:27 mini2440 getty[1100]: /dev/s3c2410_serial0: No such file or directory
Jan  8 15:23:37 mini2440 getty[1102]: /dev/s3c2410_serial0: No such file or directory
Jan  8 15:23:47 mini2440 getty[1103]: /dev/s3c2410_serial0: No such file or directory
Jan  8 15:23:58 mini2440 getty[1104]: /dev/s3c2410_serial0: No such file or directory
Jan  8 15:24:08 mini2440 getty[1105]: /dev/s3c2410_serial0: No such file or directory
Jan  8 15:24:19 mini2440 getty[1106]: /dev/s3c2410_serial0: No such file or directory
Jan  8 15:24:29 mini2440 getty[1107]: /dev/s3c2410_serial0: No such file or directory
Jan  8 15:24:39 mini2440 getty[1108]: /dev/s3c2410_serial0: No such file or directory
Jan  8 15:24:50 mini2440 getty[1109]: /dev/s3c2410_serial0: No such file or directory
Jan  8 15:25:00 mini2440 getty[1110]: /dev/s3c2410_serial0: No such file or directory
Jan  8 15:30:11 mini2440 getty[1115]: /dev/s3c2410_serial0: No such file or directory
Jan  8 15:30:22 mini2440 getty[1116]: /dev/s3c2410_serial0: No such file or directory
Jan  8 15:30:32 mini2440 getty[1117]: /dev/s3c2410_serial0: No such file or directory
Jan  8 15:30:42 mini2440 getty[1118]: /dev/s3c2410_serial0: No such file or directory
Jan  8 15:30:53 mini2440 getty[1119]: /dev/s3c2410_serial0: No such file or directory
Jan  8 15:31:03 mini2440 getty[1120]: /dev/s3c2410_serial0: No such file or directory
Jan  8 15:31:14 mini2440 getty[1121]: /dev/s3c2410_serial0: No such file or directory
Jan  8 15:31:24 mini2440 getty[1122]: /dev/s3c2410_serial0: No such file or directory
Jan  8 15:31:34 mini2440 getty[1123]: /dev/s3c2410_serial0: No such file or directory
Jan  8 15:31:45 mini2440 getty[1124]: /dev/s3c2410_serial0: No such file or directory
Jan  8 15:36:56 mini2440 getty[1126]: /dev/s3c2410_serial0: No such file or directory
Jan  8 15:37:06 mini2440 getty[1127]: /dev/s3c2410_serial0: No such file or directory
Jan  8 15:37:17 mini2440 getty[1128]: /dev/s3c2410_serial0: No such file or directory
Jan  8 15:37:27 mini2440 getty[1129]: /dev/s3c2410_serial0: No such file or directory
Jan  8 15:37:38 mini2440 getty[1130]: /dev/s3c2410_serial0: No such file or directory
Jan  8 15:37:48 mini2440 getty[1131]: /dev/s3c2410_serial0: No such file or directory
Jan  8 15:37:58 mini2440 getty[1132]: /dev/s3c2410_serial0: No such file or directory
Jan  8 15:38:09 mini2440 getty[1133]: /dev/s3c2410_serial0: No such file or directory
Jan  8 15:38:19 mini2440 getty[1134]: /dev/s3c2410_serial0: No such file or directory
Jan  8 15:38:30 mini2440 getty[1135]: /dev/s3c2410_serial0: No such file or directory
Jan  8 15:43:42 mini2440 getty[1137]: /dev/s3c2410_serial0: No such file or directory
Jan  8 15:43:52 mini2440 getty[1139]: /dev/s3c2410_serial0: No such file or directory
Jan  8 15:44:02 mini2440 getty[1140]: /dev/s3c2410_serial0: No such file or directory
Jan  8 15:44:13 mini2440 getty[1141]: /dev/s3c2410_serial0: No such file or directory
Jan  8 15:44:23 mini2440 getty[1142]: /dev/s3c2410_serial0: No such file or directory
Jan  8 15:44:34 mini2440 getty[1143]: /dev/s3c2410_serial0: No such file or directory
Jan  8 15:44:44 mini2440 getty[1144]: /dev/s3c2410_serial0: No such file or directory
Jan  8 15:44:54 mini2440 getty[1145]: /dev/s3c2410_serial0: No such file or directory
Jan  8 15:45:05 mini2440 getty[1146]: /dev/s3c2410_serial0: No such file or directory
Jan  8 15:45:15 mini2440 getty[1147]: /dev/s3c2410_serial0: No such file or directory
Jan  8 15:50:26 mini2440 getty[1148]: /dev/s3c2410_serial0: No such file or directory
Jan  8 15:50:36 mini2440 getty[1150]: /dev/s3c2410_serial0: No such file or directory
Jan  8 15:50:47 mini2440 getty[1151]: /dev/s3c2410_serial0: No such file or directory
Jan  8 15:50:57 mini2440 getty[1152]: /dev/s3c2410_serial0: No such file or directory
Jan  8 15:51:08 mini2440 getty[1153]: /dev/s3c2410_serial0: No such file or directory
Jan  8 15:51:18 mini2440 getty[1154]: /dev/s3c2410_serial0: No such file or directory
Jan  8 15:51:29 mini2440 getty[1155]: /dev/s3c2410_serial0: No such file or directory
Jan  8 15:51:39 mini2440 getty[1156]: /dev/s3c2410_serial0: No such file or directory
Jan  8 15:51:50 mini2440 getty[1157]: /dev/s3c2410_serial0: No such file or directory
Jan  8 15:52:00 mini2440 getty[1158]: /dev/s3c2410_serial0: No such file or directory
Jan  8 15:57:11 mini2440 getty[1161]: /dev/s3c2410_serial0: No such file or directory
Jan  8 15:57:21 mini2440 getty[1162]: /dev/s3c2410_serial0: No such file or directory
Jan  8 15:57:32 mini2440 getty[1163]: /dev/s3c2410_serial0: No such file or directory
Jan  8 15:57:42 mini2440 getty[1164]: /dev/s3c2410_serial0: No such file or directory
Jan  8 15:57:53 mini2440 getty[1165]: /dev/s3c2410_serial0: No such file or directory
Jan  8 15:58:03 mini2440 getty[1166]: /dev/s3c2410_serial0: No such file or directory
Jan  8 15:58:13 mini2440 getty[1167]: /dev/s3c2410_serial0: No such file or directory
Jan  8 15:58:24 mini2440 getty[1168]: /dev/s3c2410_serial0: No such file or directory
Jan  8 15:58:34 mini2440 getty[1169]: /dev/s3c2410_serial0: No such file or directory
Jan  8 15:58:45 mini2440 getty[1170]: /dev/s3c2410_serial0: No such file or directory
Jan  8 16:03:57 mini2440 getty[1173]: /dev/s3c2410_serial0: No such file or directory
Jan  8 16:04:07 mini2440 getty[1174]: /dev/s3c2410_serial0: No such file or directory
Jan  8 16:04:17 mini2440 getty[1175]: /dev/s3c2410_serial0: No such file or directory
Jan  8 16:04:28 mini2440 getty[1176]: /dev/s3c2410_serial0: No such file or directory
Jan  8 16:04:38 mini2440 getty[1177]: /dev/s3c2410_serial0: No such file or directory
Jan  8 16:04:49 mini2440 getty[1178]: /dev/s3c2410_serial0: No such file or directory
Jan  8 16:04:59 mini2440 getty[1179]: /dev/s3c2410_serial0: No such file or directory
Jan  8 16:05:09 mini2440 getty[1180]: /dev/s3c2410_serial0: No such file or directory
Jan  8 16:05:20 mini2440 getty[1181]: /dev/s3c2410_serial0: No such file or directory
Jan  8 16:05:30 mini2440 getty[1182]: /dev/s3c2410_serial0: No such file or directory
Jan  8 16:10:41 mini2440 getty[1184]: /dev/s3c2410_serial0: No such file or directory
Jan  8 16:10:52 mini2440 getty[1185]: /dev/s3c2410_serial0: No such file or directory
Jan  8 16:11:02 mini2440 getty[1186]: /dev/s3c2410_serial0: No such file or directory
Jan  8 16:11:12 mini2440 getty[1187]: /dev/s3c2410_serial0: No such file or directory
Jan  8 16:11:23 mini2440 getty[1188]: /dev/s3c2410_serial0: No such file or directory
Jan  8 16:11:33 mini2440 getty[1189]: /dev/s3c2410_serial0: No such file or directory
Jan  8 16:11:44 mini2440 getty[1190]: /dev/s3c2410_serial0: No such file or directory
Jan  8 16:11:54 mini2440 getty[1191]: /dev/s3c2410_serial0: No such file or directory
Jan  8 16:12:04 mini2440 getty[1192]: /dev/s3c2410_serial0: No such file or directory
Jan  8 16:12:15 mini2440 getty[1193]: /dev/s3c2410_serial0: No such file or directory
Jan  8 16:17:01 mini2440 CRON[1198]: pam_unix(cron:account): account root has password changed in future
Jan  8 16:17:01 mini2440 CRON[1198]: pam_unix(cron:session): session opened for user root by (uid=0)
Jan  8 16:17:01 mini2440 CRON[1198]: pam_unix(cron:session): session closed for user root
Jan  8 16:17:26 mini2440 getty[1201]: /dev/s3c2410_serial0: No such file or directory
Jan  8 16:17:36 mini2440 getty[1202]: /dev/s3c2410_serial0: No such file or directory
Jan  8 16:17:47 mini2440 getty[1203]: /dev/s3c2410_serial0: No such file or directory
Jan  8 16:17:57 mini2440 getty[1204]: /dev/s3c2410_serial0: No such file or directory
Jan  8 16:18:07 mini2440 getty[1205]: /dev/s3c2410_serial0: No such file or directory
Jan  8 16:18:18 mini2440 getty[1206]: /dev/s3c2410_serial0: No such file or directory
Jan  8 16:18:28 mini2440 getty[1207]: /dev/s3c2410_serial0: No such file or directory
Jan  8 16:18:39 mini2440 getty[1208]: /dev/s3c2410_serial0: No such file or directory
Jan  8 16:18:49 mini2440 getty[1209]: /dev/s3c2410_serial0: No such file or directory
Jan  8 16:18:59 mini2440 getty[1210]: /dev/s3c2410_serial0: No such file or directory
Jan  8 16:24:11 mini2440 getty[1211]: /dev/s3c2410_serial0: No such file or directory
Jan  8 16:24:22 mini2440 getty[1213]: /dev/s3c2410_serial0: No such file or directory
Jan  8 16:24:32 mini2440 getty[1214]: /dev/s3c2410_serial0: No such file or directory
Jan  8 16:24:43 mini2440 getty[1215]: /dev/s3c2410_serial0: No such file or directory
Jan  8 16:24:53 mini2440 getty[1216]: /dev/s3c2410_serial0: No such file or directory
Jan  8 16:25:03 mini2440 getty[1217]: /dev/s3c2410_serial0: No such file or directory
Jan  8 16:25:14 mini2440 getty[1218]: /dev/s3c2410_serial0: No such file or directory
Jan  8 16:25:24 mini2440 getty[1219]: /dev/s3c2410_serial0: No such file or directory
Jan  8 16:25:35 mini2440 getty[1220]: /dev/s3c2410_serial0: No such file or directory
Jan  8 16:25:45 mini2440 getty[1221]: /dev/s3c2410_serial0: No such file or directory
Jan  8 16:30:56 mini2440 getty[1224]: /dev/s3c2410_serial0: No such file or directory
Jan  8 16:31:06 mini2440 getty[1226]: /dev/s3c2410_serial0: No such file or directory
Jan  8 16:31:17 mini2440 getty[1227]: /dev/s3c2410_serial0: No such file or directory
Jan  8 16:31:27 mini2440 getty[1228]: /dev/s3c2410_serial0: No such file or directory
Jan  8 16:31:38 mini2440 getty[1229]: /dev/s3c2410_serial0: No such file or directory
Jan  8 16:31:48 mini2440 getty[1230]: /dev/s3c2410_serial0: No such file or directory
Jan  8 16:31:58 mini2440 getty[1231]: /dev/s3c2410_serial0: No such file or directory
Jan  8 16:32:09 mini2440 getty[1232]: /dev/s3c2410_serial0: No such file or directory
Jan  8 16:32:19 mini2440 getty[1233]: /dev/s3c2410_serial0: No such file or directory
Jan  8 16:32:29 mini2440 getty[1234]: /dev/s3c2410_serial0: No such file or directory
Jan  8 16:37:42 mini2440 getty[1235]: /dev/s3c2410_serial0: No such file or directory
Jan  8 16:37:52 mini2440 getty[1237]: /dev/s3c2410_serial0: No such file or directory
Jan  8 16:38:02 mini2440 getty[1238]: /dev/s3c2410_serial0: No such file or directory
Jan  8 16:38:13 mini2440 getty[1239]: /dev/s3c2410_serial0: No such file or directory
Jan  8 16:38:23 mini2440 getty[1240]: /dev/s3c2410_serial0: No such file or directory
Jan  8 16:38:34 mini2440 getty[1241]: /dev/s3c2410_serial0: No such file or directory
Jan  8 16:38:44 mini2440 getty[1242]: /dev/s3c2410_serial0: No such file or directory
Jan  8 16:38:54 mini2440 getty[1243]: /dev/s3c2410_serial0: No such file or directory
Jan  8 16:39:05 mini2440 getty[1244]: /dev/s3c2410_serial0: No such file or directory
Jan  8 16:39:15 mini2440 getty[1245]: /dev/s3c2410_serial0: No such file or directory
Jan  8 16:44:26 mini2440 getty[1248]: /dev/s3c2410_serial0: No such file or directory
Jan  8 16:44:37 mini2440 getty[1249]: /dev/s3c2410_serial0: No such file or directory
Jan  8 16:44:47 mini2440 getty[1250]: /dev/s3c2410_serial0: No such file or directory
Jan  8 16:44:57 mini2440 getty[1251]: /dev/s3c2410_serial0: No such file or directory
Jan  8 16:45:08 mini2440 getty[1252]: /dev/s3c2410_serial0: No such file or directory
Jan  8 16:45:18 mini2440 getty[1253]: /dev/s3c2410_serial0: No such file or directory
Jan  8 16:45:29 mini2440 getty[1254]: /dev/s3c2410_serial0: No such file or directory
Jan  8 16:45:39 mini2440 getty[1255]: /dev/s3c2410_serial0: No such file or directory
Jan  8 16:45:49 mini2440 getty[1256]: /dev/s3c2410_serial0: No such file or directory
Jan  8 16:46:00 mini2440 getty[1257]: /dev/s3c2410_serial0: No such file or directory
Jan  8 16:51:12 mini2440 getty[1259]: /dev/s3c2410_serial0: No such file or directory
Jan  8 16:51:22 mini2440 getty[1260]: /dev/s3c2410_serial0: No such file or directory
Jan  8 16:51:33 mini2440 getty[1261]: /dev/s3c2410_serial0: No such file or directory
Jan  8 16:51:43 mini2440 getty[1262]: /dev/s3c2410_serial0: No such file or directory
Jan  8 16:51:53 mini2440 getty[1263]: /dev/s3c2410_serial0: No such file or directory
Jan  8 16:52:04 mini2440 getty[1264]: /dev/s3c2410_serial0: No such file or directory
Jan  8 16:52:14 mini2440 getty[1265]: /dev/s3c2410_serial0: No such file or directory
Jan  8 16:52:25 mini2440 getty[1266]: /dev/s3c2410_serial0: No such file or directory
Jan  8 16:52:35 mini2440 getty[1267]: /dev/s3c2410_serial0: No such file or directory
Jan  8 16:52:45 mini2440 getty[1268]: /dev/s3c2410_serial0: No such file or directory
Jan  8 16:57:56 mini2440 getty[1280]: /dev/s3c2410_serial0: No such file or directory
Jan  8 16:58:07 mini2440 getty[1281]: /dev/s3c2410_serial0: No such file or directory
Jan  8 16:58:17 mini2440 getty[1283]: /dev/s3c2410_serial0: No such file or directory
Jan  8 16:58:27 mini2440 getty[1285]: /dev/s3c2410_serial0: No such file or directory
Jan  8 16:58:38 mini2440 getty[1287]: /dev/s3c2410_serial0: No such file or directory
Jan  8 16:58:48 mini2440 getty[1289]: /dev/s3c2410_serial0: No such file or directory
Jan  8 16:58:59 mini2440 getty[1292]: /dev/s3c2410_serial0: No such file or directory
Jan  8 16:59:09 mini2440 getty[1295]: /dev/s3c2410_serial0: No such file or directory
Jan  8 16:59:19 mini2440 getty[1296]: /dev/s3c2410_serial0: No such file or directory
Jan  8 16:59:30 mini2440 getty[1297]: /dev/s3c2410_serial0: No such file or directory
Jan  8 17:04:41 mini2440 getty[1304]: /dev/s3c2410_serial0: No such file or directory
Jan  8 17:04:51 mini2440 getty[1305]: /dev/s3c2410_serial0: No such file or directory
Jan  8 17:05:02 mini2440 getty[1306]: /dev/s3c2410_serial0: No such file or directory
Jan  8 17:05:12 mini2440 getty[1307]: /dev/s3c2410_serial0: No such file or directory
Jan  8 17:05:22 mini2440 getty[1308]: /dev/s3c2410_serial0: No such file or directory
Jan  8 17:05:33 mini2440 getty[1309]: /dev/s3c2410_serial0: No such file or directory
Jan  8 17:05:43 mini2440 getty[1310]: /dev/s3c2410_serial0: No such file or directory
Jan  8 17:05:54 mini2440 getty[1311]: /dev/s3c2410_serial0: No such file or directory
Jan  8 17:06:04 mini2440 getty[1312]: /dev/s3c2410_serial0: No such file or directory
Jan  8 17:06:14 mini2440 getty[1313]: /dev/s3c2410_serial0: No such file or directory
