2035-12-08 08:27:24 startup archives install
2035-12-08 08:27:24 install base-passwd <none> 3.5.20
2035-12-08 08:27:24 status half-installed base-passwd 3.5.20
2035-12-08 08:27:28 status unpacked base-passwd 3.5.20
2035-12-08 08:27:29 status unpacked base-passwd 3.5.20
2035-12-08 08:27:31 configure base-passwd 3.5.20 3.5.20
2035-12-08 08:27:31 status unpacked base-passwd 3.5.20
2035-12-08 08:27:32 status half-configured base-passwd 3.5.20
2035-12-08 08:27:34 status installed base-passwd 3.5.20
2035-12-08 08:27:37 startup archives install
2035-12-08 08:27:37 install base-files <none> 5lenny11
2035-12-08 08:27:37 status half-installed base-files 5lenny11
2035-12-08 08:27:41 status unpacked base-files 5lenny11
2035-12-08 08:27:43 status unpacked base-files 5lenny11
2035-12-08 08:27:44 configure base-files 5lenny11 5lenny11
2035-12-08 08:27:44 status unpacked base-files 5lenny11
2035-12-08 08:27:45 status unpacked base-files 5lenny11
2035-12-08 08:27:47 status unpacked base-files 5lenny11
2035-12-08 08:27:48 status unpacked base-files 5lenny11
2035-12-08 08:27:49 status unpacked base-files 5lenny11
2035-12-08 08:27:51 status half-configured base-files 5lenny11
2035-12-08 08:28:14 status installed base-files 5lenny11
2035-12-08 08:28:17 startup archives install
2035-12-08 08:28:18 upgrade dpkg 1.14.31 1.14.31
2035-12-08 08:28:18 status half-configured dpkg 1.14.31
2035-12-08 08:28:19 status unpacked dpkg 1.14.31
2035-12-08 08:28:20 status half-installed dpkg 1.14.31
2035-12-08 08:28:43 status half-installed dpkg 1.14.31
2035-12-08 08:29:14 status unpacked dpkg 1.14.31
2035-12-08 08:29:16 status unpacked dpkg 1.14.31
2035-12-08 08:29:18 configure dpkg 1.14.31 1.14.31
2035-12-08 08:29:18 status unpacked dpkg 1.14.31
2035-12-08 08:29:19 status unpacked dpkg 1.14.31
2035-12-08 08:29:20 status unpacked dpkg 1.14.31
2035-12-08 08:29:22 status unpacked dpkg 1.14.31
2035-12-08 08:29:23 status unpacked dpkg 1.14.31
2035-12-08 08:29:24 status half-configured dpkg 1.14.31
2035-12-08 08:29:26 status installed dpkg 1.14.31
2035-12-08 08:29:29 startup archives install
2035-12-08 08:29:29 install libc6 <none> 2.7-18lenny7
2035-12-08 08:29:29 status half-installed libc6 2.7-18lenny7
2035-12-08 08:30:27 status unpacked libc6 2.7-18lenny7
2035-12-08 08:30:28 status unpacked libc6 2.7-18lenny7
2035-12-08 08:30:30 configure libc6 2.7-18lenny7 2.7-18lenny7
2035-12-08 08:30:30 status unpacked libc6 2.7-18lenny7
2035-12-08 08:30:31 status unpacked libc6 2.7-18lenny7
2035-12-08 08:30:33 status unpacked libc6 2.7-18lenny7
2035-12-08 08:30:34 status unpacked libc6 2.7-18lenny7
2035-12-08 08:30:35 status unpacked libc6 2.7-18lenny7
2035-12-08 08:30:37 status unpacked libc6 2.7-18lenny7
2035-12-08 08:30:38 status half-configured libc6 2.7-18lenny7
2035-12-08 08:31:06 status installed libc6 2.7-18lenny7
2035-12-08 08:31:10 startup archives install
2035-12-08 08:31:10 install perl-base <none> 5.10.0-19lenny5
2035-12-08 08:31:10 status half-installed perl-base 5.10.0-19lenny5
2035-12-08 08:31:51 status unpacked perl-base 5.10.0-19lenny5
2035-12-08 08:31:53 status unpacked perl-base 5.10.0-19lenny5
2035-12-08 08:31:55 configure perl-base 5.10.0-19lenny5 5.10.0-19lenny5
2035-12-08 08:31:55 status unpacked perl-base 5.10.0-19lenny5
2035-12-08 08:31:56 status half-configured perl-base 5.10.0-19lenny5
2035-12-08 08:31:57 status installed perl-base 5.10.0-19lenny5
2035-12-08 08:32:00 startup archives install
2035-12-08 08:32:01 install mawk <none> 1.3.3-11.1
2035-12-08 08:32:01 status half-installed mawk 1.3.3-11.1
2035-12-08 08:32:05 status unpacked mawk 1.3.3-11.1
2035-12-08 08:32:07 status unpacked mawk 1.3.3-11.1
2035-12-08 08:32:08 configure mawk 1.3.3-11.1 1.3.3-11.1
2035-12-08 08:32:08 status unpacked mawk 1.3.3-11.1
2035-12-08 08:32:09 status half-configured mawk 1.3.3-11.1
2035-12-08 08:32:22 status installed mawk 1.3.3-11.1
2035-12-08 08:32:27 startup archives install
2035-12-08 08:32:27 install debconf <none> 1.5.24
2035-12-08 08:32:27 status half-installed debconf 1.5.24
2035-12-08 08:32:38 status unpacked debconf 1.5.24
2035-12-08 08:32:40 status unpacked debconf 1.5.24
2035-12-08 08:32:41 configure debconf 1.5.24 1.5.24
2035-12-08 08:32:41 status unpacked debconf 1.5.24
2035-12-08 08:32:42 status unpacked debconf 1.5.24
2035-12-08 08:32:44 status unpacked debconf 1.5.24
2035-12-08 08:32:45 status unpacked debconf 1.5.24
2035-12-08 08:32:46 status half-configured debconf 1.5.24
2035-12-08 08:33:13 status installed debconf 1.5.24
2035-12-08 08:33:25 startup archives unpack
2035-12-08 08:33:25 install libacl1 <none> 2.2.47-2
2035-12-08 08:33:25 status half-installed libacl1 2.2.47-2
2035-12-08 08:33:29 status unpacked libacl1 2.2.47-2
2035-12-08 08:33:30 status unpacked libacl1 2.2.47-2
2035-12-08 08:33:32 install libattr1 <none> 1:2.4.43-2
2035-12-08 08:33:32 status half-installed libattr1 1:2.4.43-2
2035-12-08 08:33:36 status unpacked libattr1 1:2.4.43-2
2035-12-08 08:33:37 status unpacked libattr1 1:2.4.43-2
2035-12-08 08:33:45 upgrade base-files 5lenny11 5lenny11
2035-12-08 08:33:45 status half-configured base-files 5lenny11
2035-12-08 08:33:47 status unpacked base-files 5lenny11
2035-12-08 08:33:48 status half-installed base-files 5lenny11
2035-12-08 08:33:50 status half-installed base-files 5lenny11
2035-12-08 08:33:54 status unpacked base-files 5lenny11
2035-12-08 08:33:56 status unpacked base-files 5lenny11
2035-12-08 08:33:58 upgrade base-passwd 3.5.20 3.5.20
2035-12-08 08:33:58 status half-configured base-passwd 3.5.20
2035-12-08 08:34:00 status unpacked base-passwd 3.5.20
2035-12-08 08:34:02 status half-installed base-passwd 3.5.20
2035-12-08 08:34:03 status half-installed base-passwd 3.5.20
2035-12-08 08:34:07 status unpacked base-passwd 3.5.20
2035-12-08 08:34:09 status unpacked base-passwd 3.5.20
2035-12-08 08:34:11 install bash <none> 3.2-4
2035-12-08 08:34:11 status half-installed bash 3.2-4
2035-12-08 08:34:18 status unpacked bash 3.2-4
2035-12-08 08:34:30 status unpacked bash 3.2-4
2035-12-08 08:34:31 install coreutils <none> 6.10-6
2035-12-08 08:34:31 status half-installed coreutils 6.10-6
2035-12-08 08:35:02 status unpacked coreutils 6.10-6
2035-12-08 08:35:17 status unpacked coreutils 6.10-6
2035-12-08 08:35:19 install libdb4.6 <none> 4.6.21-11
2035-12-08 08:35:19 status half-installed libdb4.6 4.6.21-11
2035-12-08 08:35:25 status unpacked libdb4.6 4.6.21-11
2035-12-08 08:35:26 status unpacked libdb4.6 4.6.21-11
2035-12-08 08:35:28 install debconf-i18n <none> 1.5.24
2035-12-08 08:35:28 status half-installed debconf-i18n 1.5.24
2035-12-08 08:35:32 status unpacked debconf-i18n 1.5.24
2035-12-08 08:35:34 status unpacked debconf-i18n 1.5.24
2035-12-08 08:35:36 upgrade debconf 1.5.24 1.5.24
2035-12-08 08:35:36 status half-configured debconf 1.5.24
2035-12-08 08:35:38 status unpacked debconf 1.5.24
2035-12-08 08:35:39 status half-installed debconf 1.5.24
2035-12-08 08:35:41 status half-installed debconf 1.5.24
2035-12-08 08:35:46 status unpacked debconf 1.5.24
2035-12-08 08:36:00 status unpacked debconf 1.5.24
2035-12-08 08:36:03 install debianutils <none> 2.30
2035-12-08 08:36:03 status half-installed debianutils 2.30
2035-12-08 08:36:09 status unpacked debianutils 2.30
2035-12-08 08:36:11 status unpacked debianutils 2.30
2035-12-08 08:36:12 install libdevmapper1.02.1 <none> 2:1.02.27-4
2035-12-08 08:36:12 status half-installed libdevmapper1.02.1 2:1.02.27-4
2035-12-08 08:36:18 status unpacked libdevmapper1.02.1 2:1.02.27-4
2035-12-08 08:36:19 status unpacked libdevmapper1.02.1 2:1.02.27-4
2035-12-08 08:36:21 install diff <none> 2.8.1-12
2035-12-08 08:36:21 status half-installed diff 2.8.1-12
2035-12-08 08:36:25 status unpacked diff 2.8.1-12
2035-12-08 08:36:27 status unpacked diff 2.8.1-12
2035-12-08 08:36:28 upgrade dpkg 1.14.31 1.14.31
2035-12-08 08:36:28 status half-configured dpkg 1.14.31
2035-12-08 08:36:30 status unpacked dpkg 1.14.31
2035-12-08 08:36:31 status half-installed dpkg 1.14.31
2035-12-08 08:37:02 status half-installed dpkg 1.14.31
2035-12-08 08:37:08 status unpacked dpkg 1.14.31
2035-12-08 08:37:10 status unpacked dpkg 1.14.31
2035-12-08 08:37:12 install e2fslibs <none> 1.41.3-1
2035-12-08 08:37:12 status half-installed e2fslibs 1.41.3-1
2035-12-08 08:37:16 status unpacked e2fslibs 1.41.3-1
2035-12-08 08:37:18 status unpacked e2fslibs 1.41.3-1
2035-12-08 08:37:19 install e2fsprogs <none> 1.41.3-1
2035-12-08 08:37:19 status half-installed e2fsprogs 1.41.3-1
2035-12-08 08:37:48 status unpacked e2fsprogs 1.41.3-1
2035-12-08 08:37:50 status unpacked e2fsprogs 1.41.3-1
2035-12-08 08:37:51 install libblkid1 <none> 1.41.3-1
2035-12-08 08:37:51 status half-installed libblkid1 1.41.3-1
2035-12-08 08:37:56 status unpacked libblkid1 1.41.3-1
2035-12-08 08:37:57 status unpacked libblkid1 1.41.3-1
2035-12-08 08:37:59 install libcomerr2 <none> 1.41.3-1
2035-12-08 08:37:59 status half-installed libcomerr2 1.41.3-1
2035-12-08 08:38:03 status unpacked libcomerr2 1.41.3-1
2035-12-08 08:38:04 status unpacked libcomerr2 1.41.3-1
2035-12-08 08:38:05 install libss2 <none> 1.41.3-1
2035-12-08 08:38:05 status half-installed libss2 1.41.3-1
2035-12-08 08:38:10 status unpacked libss2 1.41.3-1
2035-12-08 08:38:11 status unpacked libss2 1.41.3-1
2035-12-08 08:38:12 install libuuid1 <none> 1.41.3-1
2035-12-08 08:38:12 status half-installed libuuid1 1.41.3-1
2035-12-08 08:38:30 status unpacked libuuid1 1.41.3-1
2035-12-08 08:38:32 status unpacked libuuid1 1.41.3-1
2035-12-08 08:38:35 install findutils <none> 4.4.0-2
2035-12-08 08:38:35 status half-installed findutils 4.4.0-2
2035-12-08 08:38:41 status unpacked findutils 4.4.0-2
2035-12-08 08:38:42 status unpacked findutils 4.4.0-2
2035-12-08 08:38:45 install gcc-4.2-base <none> 4.2.4-6
2035-12-08 08:38:45 status half-installed gcc-4.2-base 4.2.4-6
2035-12-08 08:38:49 status unpacked gcc-4.2-base 4.2.4-6
2035-12-08 08:38:50 status unpacked gcc-4.2-base 4.2.4-6
2035-12-08 08:38:52 install gcc-4.3-base <none> 4.3.2-1.1
2035-12-08 08:38:52 status half-installed gcc-4.3-base 4.3.2-1.1
2035-12-08 08:38:56 status unpacked gcc-4.3-base 4.3.2-1.1
2035-12-08 08:38:57 status unpacked gcc-4.3-base 4.3.2-1.1
2035-12-08 08:39:08 install libgcc1 <none> 1:4.3.2-1.1
2035-12-08 08:39:08 status half-installed libgcc1 1:4.3.2-1.1
2035-12-08 08:39:13 status unpacked libgcc1 1:4.3.2-1.1
2035-12-08 08:39:15 status unpacked libgcc1 1:4.3.2-1.1
2035-12-08 08:39:16 install libstdc++6 <none> 4.3.2-1.1
2035-12-08 08:39:16 status half-installed libstdc++6 4.3.2-1.1
2035-12-08 08:39:22 status unpacked libstdc++6 4.3.2-1.1
2035-12-08 08:39:23 status unpacked libstdc++6 4.3.2-1.1
2035-12-08 08:39:25 upgrade libc6 2.7-18lenny7 2.7-18lenny7
2035-12-08 08:39:25 status half-configured libc6 2.7-18lenny7
2035-12-08 08:39:27 status unpacked libc6 2.7-18lenny7
2035-12-08 08:39:28 status half-installed libc6 2.7-18lenny7
2035-12-08 08:40:16 status half-installed libc6 2.7-18lenny7
2035-12-08 08:40:18 status unpacked libc6 2.7-18lenny7
2035-12-08 08:40:20 status unpacked libc6 2.7-18lenny7
2035-12-08 08:40:21 install grep <none> 2.5.3~dfsg-6
2035-12-08 08:40:21 status half-installed grep 2.5.3~dfsg-6
2035-12-08 08:40:45 status unpacked grep 2.5.3~dfsg-6
2035-12-08 08:40:47 status unpacked grep 2.5.3~dfsg-6
2035-12-08 08:40:50 install gzip <none> 1.3.12-6+lenny1
2035-12-08 08:40:50 status half-installed gzip 1.3.12-6+lenny1
2035-12-08 08:40:56 status unpacked gzip 1.3.12-6+lenny1
2035-12-08 08:40:57 status unpacked gzip 1.3.12-6+lenny1
2035-12-08 08:41:00 install hostname <none> 2.95
2035-12-08 08:41:00 status half-installed hostname 2.95
2035-12-08 08:41:05 status unpacked hostname 2.95
2035-12-08 08:41:06 status unpacked hostname 2.95
2035-12-08 08:41:08 install lsb-base <none> 3.2-20
2035-12-08 08:41:08 status half-installed lsb-base 3.2-20
2035-12-08 08:41:12 status unpacked lsb-base 3.2-20
2035-12-08 08:41:13 status unpacked lsb-base 3.2-20
2035-12-08 08:41:23 install lzma <none> 4.43-14
2035-12-08 08:41:23 status half-installed lzma 4.43-14
2035-12-08 08:41:28 status unpacked lzma 4.43-14
2035-12-08 08:41:30 status unpacked lzma 4.43-14
2035-12-08 08:41:31 install liblocale-gettext-perl <none> 1.05-4
2035-12-08 08:41:31 status half-installed liblocale-gettext-perl 1.05-4
2035-12-08 08:41:37 status unpacked liblocale-gettext-perl 1.05-4
2035-12-08 08:41:40 status unpacked liblocale-gettext-perl 1.05-4
2035-12-08 08:41:41 install libselinux1 <none> 2.0.65-5
2035-12-08 08:41:41 status half-installed libselinux1 2.0.65-5
2035-12-08 08:41:45 status unpacked libselinux1 2.0.65-5
2035-12-08 08:41:47 status unpacked libselinux1 2.0.65-5
2035-12-08 08:41:48 install libsepol1 <none> 2.0.30-2
2035-12-08 08:41:48 status half-installed libsepol1 2.0.30-2
2035-12-08 08:41:52 status unpacked libsepol1 2.0.30-2
2035-12-08 08:42:05 status unpacked libsepol1 2.0.30-2
2035-12-08 08:42:06 install libtext-charwidth-perl <none> 0.04-5+b1
2035-12-08 08:42:06 status half-installed libtext-charwidth-perl 0.04-5+b1
2035-12-08 08:42:10 status unpacked libtext-charwidth-perl 0.04-5+b1
2035-12-08 08:42:12 status unpacked libtext-charwidth-perl 0.04-5+b1
2035-12-08 08:42:13 install libtext-iconv-perl <none> 1.7-1+b1
2035-12-08 08:42:13 status half-installed libtext-iconv-perl 1.7-1+b1
2035-12-08 08:42:20 status unpacked libtext-iconv-perl 1.7-1+b1
2035-12-08 08:42:21 status unpacked libtext-iconv-perl 1.7-1+b1
2035-12-08 08:42:23 install libtext-wrapi18n-perl <none> 0.06-6
2035-12-08 08:42:23 status half-installed libtext-wrapi18n-perl 0.06-6
2035-12-08 08:42:27 status unpacked libtext-wrapi18n-perl 0.06-6
2035-12-08 08:42:28 status unpacked libtext-wrapi18n-perl 0.06-6
2035-12-08 08:42:29 install makedev <none> 2.3.1-88
2035-12-08 08:42:29 status half-installed makedev 2.3.1-88
2035-12-08 08:42:34 status unpacked makedev 2.3.1-88
2035-12-08 08:42:35 status unpacked makedev 2.3.1-88
2035-12-08 08:42:37 upgrade mawk 1.3.3-11.1 1.3.3-11.1
2035-12-08 08:42:37 status half-configured mawk 1.3.3-11.1
2035-12-08 08:42:38 status unpacked mawk 1.3.3-11.1
2035-12-08 08:42:55 status half-installed mawk 1.3.3-11.1
2035-12-08 08:42:57 status half-installed mawk 1.3.3-11.1
2035-12-08 08:43:01 status unpacked mawk 1.3.3-11.1
2035-12-08 08:43:03 status unpacked mawk 1.3.3-11.1
2035-12-08 08:43:05 install mktemp <none> 1.5-9
2035-12-08 08:43:05 status half-installed mktemp 1.5-9
2035-12-08 08:43:09 status unpacked mktemp 1.5-9
2035-12-08 08:43:10 status unpacked mktemp 1.5-9
2035-12-08 08:43:12 install libncurses5 <none> 5.7+20081213-1
2035-12-08 08:43:12 status half-installed libncurses5 5.7+20081213-1
2035-12-08 08:43:18 status unpacked libncurses5 5.7+20081213-1
2035-12-08 08:43:19 status unpacked libncurses5 5.7+20081213-1
2035-12-08 08:43:22 install ncurses-base <none> 5.7+20081213-1
2035-12-08 08:43:22 status half-installed ncurses-base 5.7+20081213-1
2035-12-08 08:43:27 status unpacked ncurses-base 5.7+20081213-1
2035-12-08 08:43:28 status unpacked ncurses-base 5.7+20081213-1
2035-12-08 08:43:42 install ncurses-bin <none> 5.7+20081213-1
2035-12-08 08:43:42 status half-installed ncurses-bin 5.7+20081213-1
2035-12-08 08:43:47 status unpacked ncurses-bin 5.7+20081213-1
2035-12-08 08:43:50 status unpacked ncurses-bin 5.7+20081213-1
2035-12-08 08:43:52 install libpam-modules <none> 1.0.1-5+lenny1
2035-12-08 08:43:52 status half-installed libpam-modules 1.0.1-5+lenny1
2035-12-08 08:44:06 status unpacked libpam-modules 1.0.1-5+lenny1
2035-12-08 08:44:07 status unpacked libpam-modules 1.0.1-5+lenny1
2035-12-08 08:44:09 install libpam-runtime <none> 1.0.1-5+lenny1
2035-12-08 08:44:09 status half-installed libpam-runtime 1.0.1-5+lenny1
2035-12-08 08:44:27 status unpacked libpam-runtime 1.0.1-5+lenny1
2035-12-08 08:44:29 status unpacked libpam-runtime 1.0.1-5+lenny1
2035-12-08 08:44:31 install libpam0g <none> 1.0.1-5+lenny1
2035-12-08 08:44:31 status half-installed libpam0g 1.0.1-5+lenny1
2035-12-08 08:44:35 status unpacked libpam0g 1.0.1-5+lenny1
2035-12-08 08:44:37 status unpacked libpam0g 1.0.1-5+lenny1
2035-12-08 08:44:38 upgrade perl-base 5.10.0-19lenny5 5.10.0-19lenny5
2035-12-08 08:44:38 status half-configured perl-base 5.10.0-19lenny5
2035-12-08 08:44:40 status unpacked perl-base 5.10.0-19lenny5
2035-12-08 08:44:41 status half-installed perl-base 5.10.0-19lenny5
2035-12-08 08:44:54 status half-installed perl-base 5.10.0-19lenny5
2035-12-08 08:45:12 status unpacked perl-base 5.10.0-19lenny5
2035-12-08 08:45:16 status unpacked perl-base 5.10.0-19lenny5
2035-12-08 08:45:18 install procps <none> 1:3.2.7-11
2035-12-08 08:45:18 status half-installed procps 1:3.2.7-11
2035-12-08 08:45:26 status unpacked procps 1:3.2.7-11
2035-12-08 08:45:27 status unpacked procps 1:3.2.7-11
2035-12-08 08:45:29 install sed <none> 4.1.5-6
2035-12-08 08:45:29 status half-installed sed 4.1.5-6
2035-12-08 08:45:35 status unpacked sed 4.1.5-6
2035-12-08 08:45:36 status unpacked sed 4.1.5-6
2035-12-08 08:45:38 install login <none> 1:4.1.1-6+lenny1
2035-12-08 08:45:38 status half-installed login 1:4.1.1-6+lenny1
2035-12-08 08:46:09 status unpacked login 1:4.1.1-6+lenny1
2035-12-08 08:46:12 status unpacked login 1:4.1.1-6+lenny1
2035-12-08 08:46:15 install passwd <none> 1:4.1.1-6+lenny1
2035-12-08 08:46:15 status half-installed passwd 1:4.1.1-6+lenny1
2035-12-08 08:46:27 status unpacked passwd 1:4.1.1-6+lenny1
2035-12-08 08:46:28 status unpacked passwd 1:4.1.1-6+lenny1
2035-12-08 08:46:30 install libslang2 <none> 2.1.3-3
2035-12-08 08:46:30 status half-installed libslang2 2.1.3-3
2035-12-08 08:46:37 status unpacked libslang2 2.1.3-3
2035-12-08 08:46:38 status unpacked libslang2 2.1.3-3
2035-12-08 08:46:55 install initscripts <none> 2.86.ds1-61
2035-12-08 08:46:55 status half-installed initscripts 2.86.ds1-61
2035-12-08 08:47:02 status unpacked initscripts 2.86.ds1-61
2035-12-08 08:47:05 status unpacked initscripts 2.86.ds1-61
2035-12-08 08:47:07 install sysv-rc <none> 2.86.ds1-61
2035-12-08 08:47:07 status half-installed sysv-rc 2.86.ds1-61
2035-12-08 08:47:11 status unpacked sysv-rc 2.86.ds1-61
2035-12-08 08:47:12 status unpacked sysv-rc 2.86.ds1-61
2035-12-08 08:47:14 install sysvinit-utils <none> 2.86.ds1-61
2035-12-08 08:47:14 status half-installed sysvinit-utils 2.86.ds1-61
2035-12-08 08:47:19 status unpacked sysvinit-utils 2.86.ds1-61
2035-12-08 08:47:20 status unpacked sysvinit-utils 2.86.ds1-61
2035-12-08 08:47:22 install sysvinit <none> 2.86.ds1-61
2035-12-08 08:47:22 status half-installed sysvinit 2.86.ds1-61
2035-12-08 08:47:28 status unpacked sysvinit 2.86.ds1-61
2035-12-08 08:47:44 status unpacked sysvinit 2.86.ds1-61
2035-12-08 08:47:45 install tar <none> 1.20-1+lenny1
2035-12-08 08:47:45 status half-installed tar 1.20-1+lenny1
2035-12-08 08:47:55 status unpacked tar 1.20-1+lenny1
2035-12-08 08:47:57 status unpacked tar 1.20-1+lenny1
2035-12-08 08:47:58 install tzdata <none> 2011k-0lenny1
2035-12-08 08:47:58 status half-installed tzdata 2011k-0lenny1
2035-12-08 08:48:46 status unpacked tzdata 2011k-0lenny1
2035-12-08 08:48:48 status unpacked tzdata 2011k-0lenny1
2035-12-08 08:48:50 install bsdutils <none> 1:2.13.1.1-1
2035-12-08 08:48:50 status half-installed bsdutils 1:2.13.1.1-1
2035-12-08 08:48:55 status unpacked bsdutils 1:2.13.1.1-1
2035-12-08 08:48:56 status unpacked bsdutils 1:2.13.1.1-1
2035-12-08 08:48:57 install mount <none> 2.13.1.1-1
2035-12-08 08:48:57 status half-installed mount 2.13.1.1-1
2035-12-08 08:49:02 status unpacked mount 2.13.1.1-1
2035-12-08 08:49:04 status unpacked mount 2.13.1.1-1
2035-12-08 08:49:06 install util-linux <none> 2.13.1.1-1
2035-12-08 08:49:06 status half-installed util-linux 2.13.1.1-1
2035-12-08 08:49:29 status unpacked util-linux 2.13.1.1-1
2035-12-08 08:49:32 status unpacked util-linux 2.13.1.1-1
2035-12-08 08:49:33 install zlib1g <none> 1:1.2.3.3.dfsg-12
2035-12-08 08:49:33 status half-installed zlib1g 1:1.2.3.3.dfsg-12
2035-12-08 08:49:37 status unpacked zlib1g 1:1.2.3.3.dfsg-12
2035-12-08 08:49:41 status unpacked zlib1g 1:1.2.3.3.dfsg-12
2035-12-08 08:49:45 startup packages configure
2035-12-08 08:49:45 configure sysv-rc 2.86.ds1-61 2.86.ds1-61
2035-12-08 08:49:45 status unpacked sysv-rc 2.86.ds1-61
2035-12-08 08:49:46 status half-configured sysv-rc 2.86.ds1-61
2035-12-08 08:49:47 status installed sysv-rc 2.86.ds1-61
2035-12-08 08:49:49 configure gcc-4.2-base 4.2.4-6 4.2.4-6
2035-12-08 08:49:49 status unpacked gcc-4.2-base 4.2.4-6
2035-12-08 08:49:50 status half-configured gcc-4.2-base 4.2.4-6
2035-12-08 08:49:51 status installed gcc-4.2-base 4.2.4-6
2035-12-08 08:49:53 configure libpam-runtime 1.0.1-5+lenny1 1.0.1-5+lenny1
2035-12-08 08:49:53 status unpacked libpam-runtime 1.0.1-5+lenny1
2035-12-08 08:50:07 status unpacked libpam-runtime 1.0.1-5+lenny1
2035-12-08 08:50:10 status unpacked libpam-runtime 1.0.1-5+lenny1
2035-12-08 08:50:11 status half-configured libpam-runtime 1.0.1-5+lenny1
2035-12-08 08:50:13 status installed libpam-runtime 1.0.1-5+lenny1
2035-12-08 08:50:14 configure gcc-4.3-base 4.3.2-1.1 4.3.2-1.1
2035-12-08 08:50:14 status unpacked gcc-4.3-base 4.3.2-1.1
2035-12-08 08:50:16 status half-configured gcc-4.3-base 4.3.2-1.1
2035-12-08 08:50:17 status installed gcc-4.3-base 4.3.2-1.1
2035-12-08 08:50:21 configure libc6 2.7-18lenny7 2.7-18lenny7
2035-12-08 08:50:21 status unpacked libc6 2.7-18lenny7
2035-12-08 08:50:23 status unpacked libc6 2.7-18lenny7
2035-12-08 08:50:24 status unpacked libc6 2.7-18lenny7
2035-12-08 08:50:25 status unpacked libc6 2.7-18lenny7
2035-12-08 08:50:27 status unpacked libc6 2.7-18lenny7
2035-12-08 08:50:28 status unpacked libc6 2.7-18lenny7
2035-12-08 08:50:29 status half-configured libc6 2.7-18lenny7
2035-12-08 08:50:57 status installed libc6 2.7-18lenny7
2035-12-08 08:50:58 configure mktemp 1.5-9 1.5-9
2035-12-08 08:50:58 status unpacked mktemp 1.5-9
2035-12-08 08:50:59 status half-configured mktemp 1.5-9
2035-12-08 08:51:01 status installed mktemp 1.5-9
2035-12-08 08:51:02 configure debianutils 2.30 2.30
2035-12-08 08:51:02 status unpacked debianutils 2.30
2035-12-08 08:51:03 status half-configured debianutils 2.30
2035-12-08 08:51:05 status installed debianutils 2.30
2035-12-08 08:51:06 configure bsdutils 1:2.13.1.1-1 1:2.13.1.1-1
2035-12-08 08:51:06 status unpacked bsdutils 1:2.13.1.1-1
2035-12-08 08:51:07 status half-configured bsdutils 1:2.13.1.1-1
2035-12-08 08:51:09 status installed bsdutils 1:2.13.1.1-1
2035-12-08 08:51:10 configure libsepol1 2.0.30-2 2.0.30-2
2035-12-08 08:51:10 status unpacked libsepol1 2.0.30-2
2035-12-08 08:51:11 status half-configured libsepol1 2.0.30-2
2035-12-08 08:51:15 status installed libsepol1 2.0.30-2
2035-12-08 08:51:16 configure libgcc1 1:4.3.2-1.1 1:4.3.2-1.1
2035-12-08 08:51:16 status unpacked libgcc1 1:4.3.2-1.1
2035-12-08 08:51:17 status half-configured libgcc1 1:4.3.2-1.1
2035-12-08 08:51:20 status installed libgcc1 1:4.3.2-1.1
2035-12-08 08:51:22 configure libncurses5 5.7+20081213-1 5.7+20081213-1
2035-12-08 08:51:22 status unpacked libncurses5 5.7+20081213-1
2035-12-08 08:51:32 status half-configured libncurses5 5.7+20081213-1
2035-12-08 08:51:35 status installed libncurses5 5.7+20081213-1
2035-12-08 08:51:37 configure libattr1 1:2.4.43-2 1:2.4.43-2
2035-12-08 08:51:37 status unpacked libattr1 1:2.4.43-2
2035-12-08 08:51:40 status half-configured libattr1 1:2.4.43-2
2035-12-08 08:51:43 status installed libattr1 1:2.4.43-2
2035-12-08 08:51:45 configure sed 4.1.5-6 4.1.5-6
2035-12-08 08:51:45 status unpacked sed 4.1.5-6
2035-12-08 08:51:47 status half-configured sed 4.1.5-6
2035-12-08 08:51:50 status installed sed 4.1.5-6
2035-12-08 08:51:52 configure base-passwd 3.5.20 3.5.20
2035-12-08 08:51:52 status unpacked base-passwd 3.5.20
2035-12-08 08:51:53 status half-configured base-passwd 3.5.20
2035-12-08 08:51:54 status installed base-passwd 3.5.20
2035-12-08 08:51:56 configure libcomerr2 1.41.3-1 1.41.3-1
2035-12-08 08:51:56 status unpacked libcomerr2 1.41.3-1
2035-12-08 08:51:57 status half-configured libcomerr2 1.41.3-1
2035-12-08 08:52:02 status installed libcomerr2 1.41.3-1
2035-12-08 08:52:10 configure mawk 1.3.3-11.1 1.3.3-11.1
2035-12-08 08:52:10 status unpacked mawk 1.3.3-11.1
2035-12-08 08:52:12 status half-configured mawk 1.3.3-11.1
2035-12-08 08:52:15 status installed mawk 1.3.3-11.1
2035-12-08 08:52:17 configure libdb4.6 4.6.21-11 4.6.21-11
2035-12-08 08:52:17 status unpacked libdb4.6 4.6.21-11
2035-12-08 08:52:18 status half-configured libdb4.6 4.6.21-11
2035-12-08 08:52:19 status installed libdb4.6 4.6.21-11
2035-12-08 08:52:21 configure grep 2.5.3~dfsg-6 2.5.3~dfsg-6
2035-12-08 08:52:21 status unpacked grep 2.5.3~dfsg-6
2035-12-08 08:52:22 status half-configured grep 2.5.3~dfsg-6
2035-12-08 08:52:25 status installed grep 2.5.3~dfsg-6
2035-12-08 08:52:26 configure hostname 2.95 2.95
2035-12-08 08:52:26 status unpacked hostname 2.95
2035-12-08 08:52:27 status half-configured hostname 2.95
2035-12-08 08:52:29 status installed hostname 2.95
2035-12-08 08:52:30 configure libacl1 2.2.47-2 2.2.47-2
2035-12-08 08:52:30 status unpacked libacl1 2.2.47-2
2035-12-08 08:52:31 status half-configured libacl1 2.2.47-2
2035-12-08 08:52:34 status installed libacl1 2.2.47-2
2035-12-08 08:52:36 configure libslang2 2.1.3-3 2.1.3-3
2035-12-08 08:52:36 status unpacked libslang2 2.1.3-3
2035-12-08 08:52:37 status half-configured libslang2 2.1.3-3
2035-12-08 08:52:40 status installed libslang2 2.1.3-3
2035-12-08 08:52:42 configure libss2 1.41.3-1 1.41.3-1
2035-12-08 08:52:42 status unpacked libss2 1.41.3-1
2035-12-08 08:52:44 status half-configured libss2 1.41.3-1
2035-12-08 08:52:51 status installed libss2 1.41.3-1
2035-12-08 08:52:53 configure findutils 4.4.0-2 4.4.0-2
2035-12-08 08:52:53 status unpacked findutils 4.4.0-2
2035-12-08 08:52:54 status half-configured findutils 4.4.0-2
2035-12-08 08:52:58 status installed findutils 4.4.0-2
2035-12-08 08:53:00 configure gzip 1.3.12-6+lenny1 1.3.12-6+lenny1
2035-12-08 08:53:00 status unpacked gzip 1.3.12-6+lenny1
2035-12-08 08:53:02 status half-configured gzip 1.3.12-6+lenny1
2035-12-08 08:53:05 status installed gzip 1.3.12-6+lenny1
2035-12-08 08:53:07 configure diff 2.8.1-12 2.8.1-12
2035-12-08 08:53:07 status unpacked diff 2.8.1-12
2035-12-08 08:53:08 status half-configured diff 2.8.1-12
2035-12-08 08:53:10 status installed diff 2.8.1-12
2035-12-08 08:53:11 configure libselinux1 2.0.65-5 2.0.65-5
2035-12-08 08:53:11 status unpacked libselinux1 2.0.65-5
2035-12-08 08:53:12 status half-configured libselinux1 2.0.65-5
2035-12-08 08:53:15 status installed libselinux1 2.0.65-5
2035-12-08 08:53:17 configure libstdc++6 4.3.2-1.1 4.3.2-1.1
2035-12-08 08:53:17 status unpacked libstdc++6 4.3.2-1.1
2035-12-08 08:53:24 status half-configured libstdc++6 4.3.2-1.1
2035-12-08 08:53:27 status installed libstdc++6 4.3.2-1.1
2035-12-08 08:53:29 configure coreutils 6.10-6 6.10-6
2035-12-08 08:53:29 status unpacked coreutils 6.10-6
2035-12-08 08:53:30 status half-configured coreutils 6.10-6
2035-12-08 08:53:33 status installed coreutils 6.10-6
2035-12-08 08:53:36 configure makedev 2.3.1-88 2.3.1-88
2035-12-08 08:53:36 status unpacked makedev 2.3.1-88
2035-12-08 08:53:37 status half-configured makedev 2.3.1-88
2035-12-08 08:54:54 status installed makedev 2.3.1-88
2035-12-08 08:54:55 configure lzma 4.43-14 4.43-14
2035-12-08 08:54:55 status unpacked lzma 4.43-14
2035-12-08 08:54:57 status half-configured lzma 4.43-14
2035-12-08 08:54:58 status installed lzma 4.43-14
2035-12-08 08:54:59 configure ncurses-base 5.7+20081213-1 5.7+20081213-1
2035-12-08 08:54:59 status unpacked ncurses-base 5.7+20081213-1
2035-12-08 08:55:00 status unpacked ncurses-base 5.7+20081213-1
2035-12-08 08:55:02 status half-configured ncurses-base 5.7+20081213-1
2035-12-08 08:55:03 status installed ncurses-base 5.7+20081213-1
2035-12-08 08:55:04 configure ncurses-bin 5.7+20081213-1 5.7+20081213-1
2035-12-08 08:55:04 status unpacked ncurses-bin 5.7+20081213-1
2035-12-08 08:55:06 status half-configured ncurses-bin 5.7+20081213-1
2035-12-08 08:55:07 status installed ncurses-bin 5.7+20081213-1
2035-12-08 08:55:08 configure tar 1.20-1+lenny1 1.20-1+lenny1
2035-12-08 08:55:08 status unpacked tar 1.20-1+lenny1
2035-12-08 08:55:10 status unpacked tar 1.20-1+lenny1
2035-12-08 08:55:11 status half-configured tar 1.20-1+lenny1
2035-12-08 08:55:18 status installed tar 1.20-1+lenny1
2035-12-08 08:55:20 configure zlib1g 1:1.2.3.3.dfsg-12 1:1.2.3.3.dfsg-12
2035-12-08 08:55:20 status unpacked zlib1g 1:1.2.3.3.dfsg-12
2035-12-08 08:55:22 status half-configured zlib1g 1:1.2.3.3.dfsg-12
2035-12-08 08:55:24 status installed zlib1g 1:1.2.3.3.dfsg-12
2035-12-08 08:55:26 configure base-files 5lenny11 5lenny11
2035-12-08 08:55:26 status unpacked base-files 5lenny11
2035-12-08 08:55:28 status unpacked base-files 5lenny11
2035-12-08 08:55:30 status unpacked base-files 5lenny11
2035-12-08 08:55:32 status unpacked base-files 5lenny11
2035-12-08 08:55:33 status unpacked base-files 5lenny11
2035-12-08 08:55:34 status half-configured base-files 5lenny11
2035-12-08 08:55:36 status installed base-files 5lenny11
2035-12-08 08:55:37 configure libdevmapper1.02.1 2:1.02.27-4 2:1.02.27-4
2035-12-08 08:55:37 status unpacked libdevmapper1.02.1 2:1.02.27-4
2035-12-08 08:55:39 status half-configured libdevmapper1.02.1 2:1.02.27-4
2035-12-08 08:55:41 status installed libdevmapper1.02.1 2:1.02.27-4
2035-12-08 08:55:43 configure e2fslibs 1.41.3-1 1.41.3-1
2035-12-08 08:55:43 status unpacked e2fslibs 1.41.3-1
2035-12-08 08:55:45 status half-configured e2fslibs 1.41.3-1
2035-12-08 08:55:47 status installed e2fslibs 1.41.3-1
2035-12-08 08:55:50 configure dpkg 1.14.31 1.14.31
2035-12-08 08:55:50 status unpacked dpkg 1.14.31
2035-12-08 08:55:51 status unpacked dpkg 1.14.31
2035-12-08 08:55:53 status unpacked dpkg 1.14.31
2035-12-08 08:56:00 status unpacked dpkg 1.14.31
2035-12-08 08:56:01 status unpacked dpkg 1.14.31
2035-12-08 08:56:02 status half-configured dpkg 1.14.31
2035-12-08 08:56:05 status installed dpkg 1.14.31
2035-12-08 08:56:07 configure sysvinit-utils 2.86.ds1-61 2.86.ds1-61
2035-12-08 08:56:07 status unpacked sysvinit-utils 2.86.ds1-61
2035-12-08 08:56:08 status half-configured sysvinit-utils 2.86.ds1-61
2035-12-08 08:56:10 status installed sysvinit-utils 2.86.ds1-61
2035-12-08 08:56:11 configure bash 3.2-4 3.2-4
2035-12-08 08:56:11 status unpacked bash 3.2-4
2035-12-08 08:56:12 status unpacked bash 3.2-4
2035-12-08 08:56:14 status unpacked bash 3.2-4
2035-12-08 08:56:15 status unpacked bash 3.2-4
2035-12-08 08:56:16 status unpacked bash 3.2-4
2035-12-08 08:56:18 status half-configured bash 3.2-4
2035-12-08 08:56:21 status installed bash 3.2-4
2035-12-08 08:56:23 configure lsb-base 3.2-20 3.2-20
2035-12-08 08:56:23 status unpacked lsb-base 3.2-20
2035-12-08 08:56:24 status half-configured lsb-base 3.2-20
2035-12-08 08:56:26 status installed lsb-base 3.2-20
2035-12-08 08:56:27 configure procps 1:3.2.7-11 1:3.2.7-11
2035-12-08 08:56:27 status unpacked procps 1:3.2.7-11
2035-12-08 08:56:28 status unpacked procps 1:3.2.7-11
2035-12-08 08:56:30 status unpacked procps 1:3.2.7-11
2035-12-08 08:56:31 status half-configured procps 1:3.2.7-11
2035-12-08 08:56:42 status installed procps 1:3.2.7-11
2035-12-08 08:56:45 configure perl-base 5.10.0-19lenny5 5.10.0-19lenny5
2035-12-08 08:56:45 status unpacked perl-base 5.10.0-19lenny5
2035-12-08 08:56:46 status half-configured perl-base 5.10.0-19lenny5
2035-12-08 08:56:48 status installed perl-base 5.10.0-19lenny5
2035-12-08 08:56:49 configure libtext-iconv-perl 1.7-1+b1 1.7-1+b1
2035-12-08 08:56:49 status unpacked libtext-iconv-perl 1.7-1+b1
2035-12-08 08:56:50 status half-configured libtext-iconv-perl 1.7-1+b1
2035-12-08 08:56:51 status installed libtext-iconv-perl 1.7-1+b1
2035-12-08 08:56:53 configure liblocale-gettext-perl 1.05-4 1.05-4
2035-12-08 08:56:53 status unpacked liblocale-gettext-perl 1.05-4
2035-12-08 08:56:55 status half-configured liblocale-gettext-perl 1.05-4
2035-12-08 08:56:56 status installed liblocale-gettext-perl 1.05-4
2035-12-08 08:56:57 configure libtext-charwidth-perl 0.04-5+b1 0.04-5+b1
2035-12-08 08:56:57 status unpacked libtext-charwidth-perl 0.04-5+b1
2035-12-08 08:56:59 status half-configured libtext-charwidth-perl 0.04-5+b1
2035-12-08 08:57:00 status installed libtext-charwidth-perl 0.04-5+b1
2035-12-08 08:57:01 configure libtext-wrapi18n-perl 0.06-6 0.06-6
2035-12-08 08:57:01 status unpacked libtext-wrapi18n-perl 0.06-6
2035-12-08 08:57:03 status half-configured libtext-wrapi18n-perl 0.06-6
2035-12-08 08:57:04 status installed libtext-wrapi18n-perl 0.06-6
2035-12-08 08:57:05 configure debconf-i18n 1.5.24 1.5.24
2035-12-08 08:57:05 status unpacked debconf-i18n 1.5.24
2035-12-08 08:57:06 status half-configured debconf-i18n 1.5.24
2035-12-08 08:57:08 status installed debconf-i18n 1.5.24
2035-12-08 08:57:10 configure debconf 1.5.24 1.5.24
2035-12-08 08:57:10 status unpacked debconf 1.5.24
2035-12-08 08:57:11 status unpacked debconf 1.5.24
2035-12-08 08:57:12 status unpacked debconf 1.5.24
2035-12-08 08:57:21 status unpacked debconf 1.5.24
2035-12-08 08:57:23 status half-configured debconf 1.5.24
2035-12-08 08:57:33 status installed debconf 1.5.24
2035-12-08 08:57:34 configure libpam0g 1.0.1-5+lenny1 1.0.1-5+lenny1
2035-12-08 08:57:34 status unpacked libpam0g 1.0.1-5+lenny1
2035-12-08 08:57:35 status half-configured libpam0g 1.0.1-5+lenny1
2035-12-08 08:57:46 status installed libpam0g 1.0.1-5+lenny1
2035-12-08 08:57:47 configure libpam-modules 1.0.1-5+lenny1 1.0.1-5+lenny1
2035-12-08 08:57:47 status unpacked libpam-modules 1.0.1-5+lenny1
2035-12-08 08:57:49 status unpacked libpam-modules 1.0.1-5+lenny1
2035-12-08 08:57:51 status unpacked libpam-modules 1.0.1-5+lenny1
2035-12-08 08:57:52 status unpacked libpam-modules 1.0.1-5+lenny1
2035-12-08 08:58:00 status unpacked libpam-modules 1.0.1-5+lenny1
2035-12-08 08:58:01 status unpacked libpam-modules 1.0.1-5+lenny1
2035-12-08 08:58:02 status unpacked libpam-modules 1.0.1-5+lenny1
2035-12-08 08:58:04 status unpacked libpam-modules 1.0.1-5+lenny1
2035-12-08 08:58:05 status unpacked libpam-modules 1.0.1-5+lenny1
2035-12-08 08:58:06 status half-configured libpam-modules 1.0.1-5+lenny1
2035-12-08 08:58:08 status installed libpam-modules 1.0.1-5+lenny1
2035-12-08 08:58:10 configure tzdata 2011k-0lenny1 2011k-0lenny1
2035-12-08 08:58:10 status unpacked tzdata 2011k-0lenny1
2035-12-08 08:58:11 status half-configured tzdata 2011k-0lenny1
2035-12-08 08:58:23 status installed tzdata 2011k-0lenny1
2035-12-08 08:58:24 configure passwd 1:4.1.1-6+lenny1 1:4.1.1-6+lenny1
2035-12-08 08:58:24 status unpacked passwd 1:4.1.1-6+lenny1
2035-12-08 08:58:25 status unpacked passwd 1:4.1.1-6+lenny1
2035-12-08 08:58:27 status unpacked passwd 1:4.1.1-6+lenny1
2035-12-08 08:58:28 status unpacked passwd 1:4.1.1-6+lenny1
2035-12-08 08:58:29 status unpacked passwd 1:4.1.1-6+lenny1
2035-12-08 08:58:31 status half-configured passwd 1:4.1.1-6+lenny1
2035-12-08 08:58:45 status installed passwd 1:4.1.1-6+lenny1
2035-12-08 08:58:46 configure login 1:4.1.1-6+lenny1 1:4.1.1-6+lenny1
2035-12-08 08:58:46 status unpacked login 1:4.1.1-6+lenny1
2035-12-08 08:58:48 status unpacked login 1:4.1.1-6+lenny1
2035-12-08 08:58:49 status unpacked login 1:4.1.1-6+lenny1
2035-12-08 08:58:50 status unpacked login 1:4.1.1-6+lenny1
2035-12-08 08:58:52 status unpacked login 1:4.1.1-6+lenny1
2035-12-08 08:58:53 status half-configured login 1:4.1.1-6+lenny1
2035-12-08 08:58:55 status installed login 1:4.1.1-6+lenny1
2035-12-08 08:58:56 configure libuuid1 1.41.3-1 1.41.3-1
2035-12-08 08:58:56 status unpacked libuuid1 1.41.3-1
2035-12-08 08:58:58 status half-configured libuuid1 1.41.3-1
2035-12-08 08:59:06 status installed libuuid1 1.41.3-1
2035-12-08 08:59:08 configure libblkid1 1.41.3-1 1.41.3-1
2035-12-08 08:59:08 status unpacked libblkid1 1.41.3-1
2035-12-08 08:59:09 status half-configured libblkid1 1.41.3-1
2035-12-08 08:59:23 status installed libblkid1 1.41.3-1
2035-12-08 08:59:25 configure e2fsprogs 1.41.3-1 1.41.3-1
2035-12-08 08:59:25 status unpacked e2fsprogs 1.41.3-1
2035-12-08 08:59:26 status unpacked e2fsprogs 1.41.3-1
2035-12-08 08:59:27 status half-configured e2fsprogs 1.41.3-1
2035-12-08 08:59:30 status installed e2fsprogs 1.41.3-1
2035-12-08 08:59:31 configure util-linux 2.13.1.1-1 2.13.1.1-1
2035-12-08 08:59:31 status unpacked util-linux 2.13.1.1-1
2035-12-08 08:59:33 status unpacked util-linux 2.13.1.1-1
2035-12-08 08:59:36 status unpacked util-linux 2.13.1.1-1
2035-12-08 08:59:37 status half-configured util-linux 2.13.1.1-1
2035-12-08 08:59:46 status installed util-linux 2.13.1.1-1
2035-12-08 08:59:47 configure mount 2.13.1.1-1 2.13.1.1-1
2035-12-08 08:59:47 status unpacked mount 2.13.1.1-1
2035-12-08 08:59:49 status half-configured mount 2.13.1.1-1
2035-12-08 08:59:50 status installed mount 2.13.1.1-1
2035-12-08 08:59:51 configure initscripts 2.86.ds1-61 2.86.ds1-61
2035-12-08 08:59:51 status unpacked initscripts 2.86.ds1-61
2035-12-08 08:59:53 status unpacked initscripts 2.86.ds1-61
2035-12-08 09:00:02 status unpacked initscripts 2.86.ds1-61
2035-12-08 09:00:03 status unpacked initscripts 2.86.ds1-61
2035-12-08 09:00:04 status unpacked initscripts 2.86.ds1-61
2035-12-08 09:00:06 status unpacked initscripts 2.86.ds1-61
2035-12-08 09:00:07 status unpacked initscripts 2.86.ds1-61
2035-12-08 09:00:08 status unpacked initscripts 2.86.ds1-61
2035-12-08 09:00:10 status unpacked initscripts 2.86.ds1-61
2035-12-08 09:00:11 status unpacked initscripts 2.86.ds1-61
2035-12-08 09:00:12 status unpacked initscripts 2.86.ds1-61
2035-12-08 09:00:14 status unpacked initscripts 2.86.ds1-61
2035-12-08 09:00:16 status unpacked initscripts 2.86.ds1-61
2035-12-08 09:00:17 status unpacked initscripts 2.86.ds1-61
2035-12-08 09:00:18 status unpacked initscripts 2.86.ds1-61
2035-12-08 09:00:20 status unpacked initscripts 2.86.ds1-61
2035-12-08 09:00:21 status unpacked initscripts 2.86.ds1-61
2035-12-08 09:00:22 status unpacked initscripts 2.86.ds1-61
2035-12-08 09:00:24 status unpacked initscripts 2.86.ds1-61
2035-12-08 09:00:25 status unpacked initscripts 2.86.ds1-61
2035-12-08 09:00:26 status unpacked initscripts 2.86.ds1-61
2035-12-08 09:00:28 status unpacked initscripts 2.86.ds1-61
2035-12-08 09:00:28 status unpacked initscripts 2.86.ds1-61
2035-12-08 09:00:30 status unpacked initscripts 2.86.ds1-61
2035-12-08 09:00:31 status unpacked initscripts 2.86.ds1-61
2035-12-08 09:00:32 status unpacked initscripts 2.86.ds1-61
2035-12-08 09:00:37 status unpacked initscripts 2.86.ds1-61
2035-12-08 09:00:38 status unpacked initscripts 2.86.ds1-61
2035-12-08 09:00:39 status unpacked initscripts 2.86.ds1-61
2035-12-08 09:00:42 status unpacked initscripts 2.86.ds1-61
2035-12-08 09:00:44 status unpacked initscripts 2.86.ds1-61
2035-12-08 09:00:45 status unpacked initscripts 2.86.ds1-61
2035-12-08 09:00:46 status half-configured initscripts 2.86.ds1-61
2035-12-08 09:00:53 status installed initscripts 2.86.ds1-61
2035-12-08 09:00:55 configure sysvinit 2.86.ds1-61 2.86.ds1-61
2035-12-08 09:00:55 status unpacked sysvinit 2.86.ds1-61
2035-12-08 09:00:56 status half-configured sysvinit 2.86.ds1-61
2035-12-08 09:01:01 status installed sysvinit 2.86.ds1-61
2035-12-08 09:02:06 startup archives unpack
2035-12-08 09:02:06 install adduser <none> 3.110
2035-12-08 09:02:06 status half-installed adduser 3.110
2035-12-08 09:02:10 status unpacked adduser 3.110
2035-12-08 09:02:12 status unpacked adduser 3.110
2035-12-08 09:02:13 install apt-utils <none> 0.7.20.2+lenny2
2035-12-08 09:02:13 status half-installed apt-utils 0.7.20.2+lenny2
2035-12-08 09:02:16 status unpacked apt-utils 0.7.20.2+lenny2
2035-12-08 09:02:18 status unpacked apt-utils 0.7.20.2+lenny2
2035-12-08 09:02:19 install apt <none> 0.7.20.2+lenny2
2035-12-08 09:02:19 status half-installed apt 0.7.20.2+lenny2
2035-12-08 09:02:49 status unpacked apt 0.7.20.2+lenny2
2035-12-08 09:02:50 status unpacked apt 0.7.20.2+lenny2
2035-12-08 09:02:52 install aptitude <none> 0.4.11.11-1~lenny2
2035-12-08 09:02:52 status half-installed aptitude 0.4.11.11-1~lenny2
2035-12-08 09:03:27 status unpacked aptitude 0.4.11.11-1~lenny2
2035-12-08 09:03:28 status unpacked aptitude 0.4.11.11-1~lenny2
2035-12-08 09:03:32 install bsdmainutils <none> 6.1.10
2035-12-08 09:03:32 status half-installed bsdmainutils 6.1.10
2035-12-08 09:03:36 status unpacked bsdmainutils 6.1.10
2035-12-08 09:03:37 status unpacked bsdmainutils 6.1.10
2035-12-08 09:03:39 install libbz2-1.0 <none> 1.0.5-1+lenny1
2035-12-08 09:03:39 status half-installed libbz2-1.0 1.0.5-1+lenny1
2035-12-08 09:04:08 status unpacked libbz2-1.0 1.0.5-1+lenny1
2035-12-08 09:04:11 status unpacked libbz2-1.0 1.0.5-1+lenny1
2035-12-08 09:04:12 install libconsole <none> 1:0.2.3dbs-65.1
2035-12-08 09:04:12 status half-installed libconsole 1:0.2.3dbs-65.1
2035-12-08 09:04:15 status unpacked libconsole 1:0.2.3dbs-65.1
2035-12-08 09:04:17 status unpacked libconsole 1:0.2.3dbs-65.1
2035-12-08 09:04:18 install cpio <none> 2.9-13lenny1
2035-12-08 09:04:18 status half-installed cpio 2.9-13lenny1
2035-12-08 09:04:21 status unpacked cpio 2.9-13lenny1
2035-12-08 09:04:22 status unpacked cpio 2.9-13lenny1
2035-12-08 09:04:24 install cron <none> 3.0pl1-105
2035-12-08 09:04:24 status half-installed cron 3.0pl1-105
2035-12-08 09:04:27 status unpacked cron 3.0pl1-105
2035-12-08 09:04:28 status unpacked cron 3.0pl1-105
2035-12-08 09:04:30 install libcwidget3 <none> 0.5.12-4
2035-12-08 09:04:30 status half-installed libcwidget3 0.5.12-4
2035-12-08 09:04:33 status unpacked libcwidget3 0.5.12-4
2035-12-08 09:04:34 status unpacked libcwidget3 0.5.12-4
2035-12-08 09:04:36 install libsasl2-2 <none> 2.1.22.dfsg1-23+lenny1
2035-12-08 09:04:36 status half-installed libsasl2-2 2.1.22.dfsg1-23+lenny1
2035-12-08 09:04:39 status unpacked libsasl2-2 2.1.22.dfsg1-23+lenny1
2035-12-08 09:04:40 status unpacked libsasl2-2 2.1.22.dfsg1-23+lenny1
2035-12-08 09:05:08 install debian-archive-keyring <none> 2010.08.28~lenny1
2035-12-08 09:05:08 status half-installed debian-archive-keyring 2010.08.28~lenny1
2035-12-08 09:05:14 status unpacked debian-archive-keyring 2010.08.28~lenny1
2035-12-08 09:05:15 status unpacked debian-archive-keyring 2010.08.28~lenny1
2035-12-08 09:05:17 install dhcp3-client <none> 3.1.1-6+lenny6
2035-12-08 09:05:17 status half-installed dhcp3-client 3.1.1-6+lenny6
2035-12-08 09:05:20 status unpacked dhcp3-client 3.1.1-6+lenny6
2035-12-08 09:05:22 status unpacked dhcp3-client 3.1.1-6+lenny6
2035-12-08 09:05:23 install dhcp3-common <none> 3.1.1-6+lenny6
2035-12-08 09:05:23 status half-installed dhcp3-common 3.1.1-6+lenny6
2035-12-08 09:05:26 status unpacked dhcp3-common 3.1.1-6+lenny6
2035-12-08 09:05:28 status unpacked dhcp3-common 3.1.1-6+lenny6
2035-12-08 09:05:30 install ed <none> 0.7-3
2035-12-08 09:05:30 status half-installed ed 0.7-3
2035-12-08 09:05:33 status unpacked ed 0.7-3
2035-12-08 09:05:34 status unpacked ed 0.7-3
2035-12-08 09:05:35 install libgdbm3 <none> 1.8.3-3
2035-12-08 09:05:35 status half-installed libgdbm3 1.8.3-3
2035-12-08 09:05:56 status unpacked libgdbm3 1.8.3-3
2035-12-08 09:06:00 status unpacked libgdbm3 1.8.3-3
2035-12-08 09:06:02 install gnupg <none> 1.4.9-3+lenny1
2035-12-08 09:06:02 status half-installed gnupg 1.4.9-3+lenny1
2035-12-08 09:06:10 status unpacked gnupg 1.4.9-3+lenny1
2035-12-08 09:06:11 status unpacked gnupg 1.4.9-3+lenny1
2035-12-08 09:06:13 install gpgv <none> 1.4.9-3+lenny1
2035-12-08 09:06:13 status half-installed gpgv 1.4.9-3+lenny1
2035-12-08 09:06:15 status unpacked gpgv 1.4.9-3+lenny1
2035-12-08 09:06:17 status unpacked gpgv 1.4.9-3+lenny1
2035-12-08 09:06:18 install libgnutls26 <none> 2.4.2-6+lenny2
2035-12-08 09:06:18 status half-installed libgnutls26 2.4.2-6+lenny2
2035-12-08 09:06:43 status unpacked libgnutls26 2.4.2-6+lenny2
2035-12-08 09:06:44 status unpacked libgnutls26 2.4.2-6+lenny2
2035-12-08 09:06:46 install groff-base <none> 1.18.1.1-21
2035-12-08 09:06:46 status half-installed groff-base 1.18.1.1-21
2035-12-08 09:06:50 status unpacked groff-base 1.18.1.1-21
2035-12-08 09:06:51 status unpacked groff-base 1.18.1.1-21
2035-12-08 09:06:53 install ifupdown <none> 0.6.8+nmu1
2035-12-08 09:06:53 status half-installed ifupdown 0.6.8+nmu1
2035-12-08 09:06:57 status unpacked ifupdown 0.6.8+nmu1
2035-12-08 09:06:58 status unpacked ifupdown 0.6.8+nmu1
2035-12-08 09:06:59 install iproute <none> 20080725-2
2035-12-08 09:06:59 status half-installed iproute 20080725-2
2035-12-08 09:07:03 status unpacked iproute 20080725-2
2035-12-08 09:07:04 status unpacked iproute 20080725-2
2035-12-08 09:07:05 install iptables <none> 1.4.2-6
2035-12-08 09:07:05 status half-installed iptables 1.4.2-6
2035-12-08 09:07:09 status unpacked iptables 1.4.2-6
2035-12-08 09:07:10 status unpacked iptables 1.4.2-6
2035-12-08 09:07:13 install iputils-ping <none> 3:20071127-1+lenny1
2035-12-08 09:07:13 status half-installed iputils-ping 3:20071127-1+lenny1
2035-12-08 09:07:34 status unpacked iputils-ping 3:20071127-1+lenny1
2035-12-08 09:07:46 status unpacked iputils-ping 3:20071127-1+lenny1
2035-12-08 09:07:53 install logrotate <none> 3.7.1-5
2035-12-08 09:07:53 status half-installed logrotate 3.7.1-5
2035-12-08 09:07:57 status unpacked logrotate 3.7.1-5
2035-12-08 09:07:58 status unpacked logrotate 3.7.1-5
2035-12-08 09:07:59 install libept0 <none> 0.5.22
2035-12-08 09:07:59 status half-installed libept0 0.5.22
2035-12-08 09:08:02 status unpacked libept0 0.5.22
2035-12-08 09:08:04 status unpacked libept0 0.5.22
2035-12-08 09:08:16 install libgcrypt11 <none> 1.4.1-1
2035-12-08 09:08:16 status half-installed libgcrypt11 1.4.1-1
2035-12-08 09:08:19 status unpacked libgcrypt11 1.4.1-1
2035-12-08 09:08:21 status unpacked libgcrypt11 1.4.1-1
2035-12-08 09:08:22 install libgpg-error0 <none> 1.4-2
2035-12-08 09:08:22 status half-installed libgpg-error0 1.4-2
2035-12-08 09:08:27 status unpacked libgpg-error0 1.4-2
2035-12-08 09:08:28 status unpacked libgpg-error0 1.4-2
2035-12-08 09:08:30 install libsigc++-2.0-0c2a <none> 2.0.18-2
2035-12-08 09:08:30 status half-installed libsigc++-2.0-0c2a 2.0.18-2
2035-12-08 09:08:37 status unpacked libsigc++-2.0-0c2a 2.0.18-2
2035-12-08 09:08:38 status unpacked libsigc++-2.0-0c2a 2.0.18-2
2035-12-08 09:08:39 install libtasn1-3 <none> 1.4-1
2035-12-08 09:08:39 status half-installed libtasn1-3 1.4-1
2035-12-08 09:08:42 status unpacked libtasn1-3 1.4-1
2035-12-08 09:08:44 status unpacked libtasn1-3 1.4-1
2035-12-08 09:08:45 install libusb-0.1-4 <none> 2:0.1.12-13
2035-12-08 09:08:45 status half-installed libusb-0.1-4 2:0.1.12-13
2035-12-08 09:08:48 status unpacked libusb-0.1-4 2:0.1.12-13
2035-12-08 09:08:49 status unpacked libusb-0.1-4 2:0.1.12-13
2035-12-08 09:09:04 install man-db <none> 2.5.2-5
2035-12-08 09:09:04 status half-installed man-db 2.5.2-5
2035-12-08 09:09:11 status unpacked man-db 2.5.2-5
2035-12-08 09:09:13 status unpacked man-db 2.5.2-5
2035-12-08 09:09:14 install manpages <none> 3.05-1
2035-12-08 09:09:14 status half-installed manpages 3.05-1
2035-12-08 09:09:20 status unpacked manpages 3.05-1
2035-12-08 09:09:23 status unpacked manpages 3.05-1
2035-12-08 09:09:29 install module-init-tools <none> 3.4-1
2035-12-08 09:09:29 status half-installed module-init-tools 3.4-1
2035-12-08 09:09:32 status unpacked module-init-tools 3.4-1
2035-12-08 09:09:34 status unpacked module-init-tools 3.4-1
2035-12-08 09:09:57 install nano <none> 2.0.7-5
2035-12-08 09:09:57 status half-installed nano 2.0.7-5
2035-12-08 09:10:11 status unpacked nano 2.0.7-5
2035-12-08 09:10:12 status unpacked nano 2.0.7-5
2035-12-08 09:10:14 install libncursesw5 <none> 5.7+20081213-1
2035-12-08 09:10:14 status half-installed libncursesw5 5.7+20081213-1
2035-12-08 09:10:17 status unpacked libncursesw5 5.7+20081213-1
2035-12-08 09:10:19 status unpacked libncursesw5 5.7+20081213-1
2035-12-08 09:10:20 install net-tools <none> 1.60-22
2035-12-08 09:10:20 status half-installed net-tools 1.60-22
2035-12-08 09:10:23 status unpacked net-tools 1.60-22
2035-12-08 09:10:25 status unpacked net-tools 1.60-22
2035-12-08 09:10:26 install netbase <none> 4.34
2035-12-08 09:10:26 status half-installed netbase 4.34
2035-12-08 09:10:29 status unpacked netbase 4.34
2035-12-08 09:10:33 status unpacked netbase 4.34
2035-12-08 09:10:34 install netcat-traditional <none> 1.10-38
2035-12-08 09:10:34 status half-installed netcat-traditional 1.10-38
2035-12-08 09:11:05 status unpacked netcat-traditional 1.10-38
2035-12-08 09:11:09 status unpacked netcat-traditional 1.10-38
2035-12-08 09:11:11 install libnewt0.52 <none> 0.52.2-11.3+lenny1
2035-12-08 09:11:11 status half-installed libnewt0.52 0.52.2-11.3+lenny1
2035-12-08 09:11:14 status unpacked libnewt0.52 0.52.2-11.3+lenny1
2035-12-08 09:11:15 status unpacked libnewt0.52 0.52.2-11.3+lenny1
2035-12-08 09:11:17 install whiptail <none> 0.52.2-11.3+lenny1
2035-12-08 09:11:17 status half-installed whiptail 0.52.2-11.3+lenny1
2035-12-08 09:11:20 status unpacked whiptail 0.52.2-11.3+lenny1
2035-12-08 09:11:21 status unpacked whiptail 0.52.2-11.3+lenny1
2035-12-08 09:11:22 install libssl0.9.8 <none> 0.9.8g-15+lenny16
2035-12-08 09:11:22 status half-installed libssl0.9.8 0.9.8g-15+lenny16
2035-12-08 09:11:35 status unpacked libssl0.9.8 0.9.8g-15+lenny16
2035-12-08 09:11:38 status unpacked libssl0.9.8 0.9.8g-15+lenny16
2035-12-08 09:11:39 install libpopt0 <none> 1.14-4
2035-12-08 09:11:39 status half-installed libpopt0 1.14-4
2035-12-08 09:11:43 status unpacked libpopt0 1.14-4
2035-12-08 09:11:44 status unpacked libpopt0 1.14-4
2035-12-08 09:11:54 install libreadline5 <none> 5.2-3.1
2035-12-08 09:11:54 status half-installed libreadline5 5.2-3.1
2035-12-08 09:12:01 status unpacked libreadline5 5.2-3.1
2035-12-08 09:12:02 status unpacked libreadline5 5.2-3.1
2035-12-08 09:12:03 install readline-common <none> 5.2-3.1
2035-12-08 09:12:03 status half-installed readline-common 5.2-3.1
2035-12-08 09:12:20 status unpacked readline-common 5.2-3.1
2035-12-08 09:12:22 status unpacked readline-common 5.2-3.1
2035-12-08 09:12:23 install rsyslog <none> 3.18.6-4
2035-12-08 09:12:23 status half-installed rsyslog 3.18.6-4
2035-12-08 09:12:27 status unpacked rsyslog 3.18.6-4
2035-12-08 09:12:29 status unpacked rsyslog 3.18.6-4
2035-12-08 09:12:32 install tasksel-data <none> 2.78
2035-12-08 09:12:32 status half-installed tasksel-data 2.78
2035-12-08 09:12:40 status unpacked tasksel-data 2.78
2035-12-08 09:12:41 status unpacked tasksel-data 2.78
2035-12-08 09:12:42 install tasksel <none> 2.78
2035-12-08 09:12:42 status half-installed tasksel 2.78
2035-12-08 09:12:46 status unpacked tasksel 2.78
2035-12-08 09:12:47 status unpacked tasksel 2.78
2035-12-08 09:12:49 install libwrap0 <none> 7.6.q-16
2035-12-08 09:12:49 status half-installed libwrap0 7.6.q-16
2035-12-08 09:12:51 status unpacked libwrap0 7.6.q-16
2035-12-08 09:12:53 status unpacked libwrap0 7.6.q-16
2035-12-08 09:12:54 install tcpd <none> 7.6.q-16
2035-12-08 09:12:54 status half-installed tcpd 7.6.q-16
2035-12-08 09:13:20 status unpacked tcpd 7.6.q-16
2035-12-08 09:13:22 status unpacked tcpd 7.6.q-16
2035-12-08 09:13:23 install info <none> 4.11.dfsg.1-4
2035-12-08 09:13:23 status half-installed info 4.11.dfsg.1-4
2035-12-08 09:13:28 status unpacked info 4.11.dfsg.1-4
2035-12-08 09:13:29 status unpacked info 4.11.dfsg.1-4
2035-12-08 09:13:31 install traceroute <none> 2.0.11-2
2035-12-08 09:13:31 status half-installed traceroute 2.0.11-2
2035-12-08 09:13:33 status unpacked traceroute 2.0.11-2
2035-12-08 09:13:35 status unpacked traceroute 2.0.11-2
2035-12-08 09:13:36 install update-inetd <none> 4.31
2035-12-08 09:13:36 status half-installed update-inetd 4.31
2035-12-08 09:13:39 status unpacked update-inetd 4.31
2035-12-08 09:13:47 status unpacked update-inetd 4.31
2035-12-08 09:13:49 install vim-common <none> 1:7.1.314-3+lenny2
2035-12-08 09:13:49 status half-installed vim-common 1:7.1.314-3+lenny2
2035-12-08 09:13:53 status unpacked vim-common 1:7.1.314-3+lenny2
2035-12-08 09:13:54 status unpacked vim-common 1:7.1.314-3+lenny2
2035-12-08 09:14:00 install vim-tiny <none> 1:7.1.314-3+lenny2
2035-12-08 09:14:00 status half-installed vim-tiny 1:7.1.314-3+lenny2
2035-12-08 09:14:03 status unpacked vim-tiny 1:7.1.314-3+lenny2
2035-12-08 09:14:04 status unpacked vim-tiny 1:7.1.314-3+lenny2
2035-12-08 09:14:08 install wget <none> 1.11.4-2+lenny2
2035-12-08 09:14:08 status half-installed wget 1.11.4-2+lenny2
2035-12-08 09:14:15 status unpacked wget 1.11.4-2+lenny2
2035-12-08 09:14:16 status unpacked wget 1.11.4-2+lenny2
2035-12-08 09:14:19 install libxapian15 <none> 1.0.7-4
2035-12-08 09:14:19 status half-installed libxapian15 1.0.7-4
2035-12-08 09:14:43 status unpacked libxapian15 1.0.7-4
2035-12-08 09:14:45 status unpacked libxapian15 1.0.7-4
2035-12-08 09:14:53 startup packages configure
2035-12-08 09:14:53 configure gpgv 1.4.9-3+lenny1 1.4.9-3+lenny1
2035-12-08 09:14:53 status unpacked gpgv 1.4.9-3+lenny1
2035-12-08 09:14:55 status half-configured gpgv 1.4.9-3+lenny1
2035-12-08 09:14:56 status installed gpgv 1.4.9-3+lenny1
2035-12-08 09:14:57 configure module-init-tools 3.4-1 3.4-1
2035-12-08 09:14:57 status unpacked module-init-tools 3.4-1
2035-12-08 09:14:59 status unpacked module-init-tools 3.4-1
2035-12-08 09:15:00 status unpacked module-init-tools 3.4-1
2035-12-08 09:15:01 status half-configured module-init-tools 3.4-1
2035-12-08 09:15:04 status installed module-init-tools 3.4-1
2035-12-08 09:15:16 configure libgdbm3 1.8.3-3 1.8.3-3
2035-12-08 09:15:16 status unpacked libgdbm3 1.8.3-3
2035-12-08 09:15:17 status half-configured libgdbm3 1.8.3-3
2035-12-08 09:15:21 status installed libgdbm3 1.8.3-3
2035-12-08 09:15:23 configure libtasn1-3 1.4-1 1.4-1
2035-12-08 09:15:23 status unpacked libtasn1-3 1.4-1
2035-12-08 09:15:24 status half-configured libtasn1-3 1.4-1
2035-12-08 09:15:28 status installed libtasn1-3 1.4-1
2035-12-08 09:15:30 configure libpopt0 1.14-4 1.14-4
2035-12-08 09:15:30 status unpacked libpopt0 1.14-4
2035-12-08 09:15:31 status half-configured libpopt0 1.14-4
2035-12-08 09:15:34 status installed libpopt0 1.14-4
2035-12-08 09:15:37 configure libusb-0.1-4 2:0.1.12-13 2:0.1.12-13
2035-12-08 09:15:37 status unpacked libusb-0.1-4 2:0.1.12-13
2035-12-08 09:15:38 status half-configured libusb-0.1-4 2:0.1.12-13
2035-12-08 09:15:41 status installed libusb-0.1-4 2:0.1.12-13
2035-12-08 09:15:43 configure libgpg-error0 1.4-2 1.4-2
2035-12-08 09:15:43 status unpacked libgpg-error0 1.4-2
2035-12-08 09:15:44 status half-configured libgpg-error0 1.4-2
2035-12-08 09:15:47 status installed libgpg-error0 1.4-2
2035-12-08 09:15:49 configure update-inetd 4.31 4.31
2035-12-08 09:15:49 status unpacked update-inetd 4.31
2035-12-08 09:15:57 status half-configured update-inetd 4.31
2035-12-08 09:16:08 status installed update-inetd 4.31
2035-12-08 09:16:10 configure libssl0.9.8 0.9.8g-15+lenny16 0.9.8g-15+lenny16
2035-12-08 09:16:10 status unpacked libssl0.9.8 0.9.8g-15+lenny16
2035-12-08 09:16:11 status half-configured libssl0.9.8 0.9.8g-15+lenny16
2035-12-08 09:16:22 status installed libssl0.9.8 0.9.8g-15+lenny16
2035-12-08 09:16:24 configure vim-common 1:7.1.314-3+lenny2 1:7.1.314-3+lenny2
2035-12-08 09:16:24 status unpacked vim-common 1:7.1.314-3+lenny2
2035-12-08 09:16:25 status unpacked vim-common 1:7.1.314-3+lenny2
2035-12-08 09:16:26 status half-configured vim-common 1:7.1.314-3+lenny2
2035-12-08 09:16:28 status installed vim-common 1:7.1.314-3+lenny2
2035-12-08 09:16:29 configure netbase 4.34 4.34
2035-12-08 09:16:29 status unpacked netbase 4.34
2035-12-08 09:16:36 status unpacked netbase 4.34
2035-12-08 09:16:38 status unpacked netbase 4.34
2035-12-08 09:16:39 status unpacked netbase 4.34
2035-12-08 09:16:41 status unpacked netbase 4.34
2035-12-08 09:16:43 status half-configured netbase 4.34
2035-12-08 09:16:44 status installed netbase 4.34
2035-12-08 09:16:46 configure libxapian15 1.0.7-4 1.0.7-4
2035-12-08 09:16:46 status unpacked libxapian15 1.0.7-4
2035-12-08 09:16:47 status half-configured libxapian15 1.0.7-4
2035-12-08 09:16:50 status installed libxapian15 1.0.7-4
2035-12-08 09:16:51 configure adduser 3.110 3.110
2035-12-08 09:16:51 status unpacked adduser 3.110
2035-12-08 09:16:52 status unpacked adduser 3.110
2035-12-08 09:16:54 status half-configured adduser 3.110
2035-12-08 09:17:04 status installed adduser 3.110
2035-12-08 09:17:05 configure traceroute 2.0.11-2 2.0.11-2
2035-12-08 09:17:05 status unpacked traceroute 2.0.11-2
2035-12-08 09:17:06 status half-configured traceroute 2.0.11-2
2035-12-08 09:17:22 status installed traceroute 2.0.11-2
2035-12-08 09:17:24 configure ed 0.7-3 0.7-3
2035-12-08 09:17:24 status unpacked ed 0.7-3
2035-12-08 09:17:25 status half-configured ed 0.7-3
2035-12-08 09:17:30 status installed ed 0.7-3
2035-12-08 09:17:33 configure manpages 3.05-1 3.05-1
2035-12-08 09:17:33 status unpacked manpages 3.05-1
2035-12-08 09:17:34 status half-configured manpages 3.05-1
2035-12-08 09:17:35 status installed manpages 3.05-1
2035-12-08 09:17:36 configure iproute 20080725-2 20080725-2
2035-12-08 09:17:37 status unpacked iproute 20080725-2
2035-12-08 09:17:38 status unpacked iproute 20080725-2
2035-12-08 09:17:39 status unpacked iproute 20080725-2
2035-12-08 09:17:42 status unpacked iproute 20080725-2
2035-12-08 09:17:43 status unpacked iproute 20080725-2
2035-12-08 09:17:45 status unpacked iproute 20080725-2
2035-12-08 09:17:47 status unpacked iproute 20080725-2
2035-12-08 09:17:48 status half-configured iproute 20080725-2
2035-12-08 09:17:50 status installed iproute 20080725-2
2035-12-08 09:18:01 configure wget 1.11.4-2+lenny2 1.11.4-2+lenny2
2035-12-08 09:18:01 status unpacked wget 1.11.4-2+lenny2
2035-12-08 09:18:03 status unpacked wget 1.11.4-2+lenny2
2035-12-08 09:18:04 status half-configured wget 1.11.4-2+lenny2
2035-12-08 09:18:08 status installed wget 1.11.4-2+lenny2
2035-12-08 09:18:11 configure groff-base 1.18.1.1-21 1.18.1.1-21
2035-12-08 09:18:11 status unpacked groff-base 1.18.1.1-21
2035-12-08 09:18:12 status unpacked groff-base 1.18.1.1-21
2035-12-08 09:18:14 status unpacked groff-base 1.18.1.1-21
2035-12-08 09:18:15 status half-configured groff-base 1.18.1.1-21
2035-12-08 09:18:16 status installed groff-base 1.18.1.1-21
2035-12-08 09:18:18 configure libnewt0.52 0.52.2-11.3+lenny1 0.52.2-11.3+lenny1
2035-12-08 09:18:18 status unpacked libnewt0.52 0.52.2-11.3+lenny1
2035-12-08 09:18:19 status half-configured libnewt0.52 0.52.2-11.3+lenny1
2035-12-08 09:18:22 status installed libnewt0.52 0.52.2-11.3+lenny1
2035-12-08 09:18:24 configure net-tools 1.60-22 1.60-22
2035-12-08 09:18:24 status unpacked net-tools 1.60-22
2035-12-08 09:18:25 status half-configured net-tools 1.60-22
2035-12-08 09:18:26 status installed net-tools 1.60-22
2035-12-08 09:18:28 configure libsasl2-2 2.1.22.dfsg1-23+lenny1 2.1.22.dfsg1-23+lenny1
2035-12-08 09:18:28 status unpacked libsasl2-2 2.1.22.dfsg1-23+lenny1
2035-12-08 09:18:29 status half-configured libsasl2-2 2.1.22.dfsg1-23+lenny1
2035-12-08 09:18:32 status installed libsasl2-2 2.1.22.dfsg1-23+lenny1
2035-12-08 09:18:34 configure bsdmainutils 6.1.10 6.1.10
2035-12-08 09:18:34 status unpacked bsdmainutils 6.1.10
2035-12-08 09:18:35 status unpacked bsdmainutils 6.1.10
2035-12-08 09:18:43 status unpacked bsdmainutils 6.1.10
2035-12-08 09:18:45 status half-configured bsdmainutils 6.1.10
2035-12-08 09:18:47 status installed bsdmainutils 6.1.10
2035-12-08 09:18:49 configure libsigc++-2.0-0c2a 2.0.18-2 2.0.18-2
2035-12-08 09:18:49 status unpacked libsigc++-2.0-0c2a 2.0.18-2
2035-12-08 09:18:50 status half-configured libsigc++-2.0-0c2a 2.0.18-2
2035-12-08 09:18:53 status installed libsigc++-2.0-0c2a 2.0.18-2
2035-12-08 09:18:55 configure netcat-traditional 1.10-38 1.10-38
2035-12-08 09:18:55 status unpacked netcat-traditional 1.10-38
2035-12-08 09:18:56 status half-configured netcat-traditional 1.10-38
2035-12-08 09:18:59 status installed netcat-traditional 1.10-38
2035-12-08 09:19:00 configure libncursesw5 5.7+20081213-1 5.7+20081213-1
2035-12-08 09:19:00 status unpacked libncursesw5 5.7+20081213-1
2035-12-08 09:19:01 status half-configured libncursesw5 5.7+20081213-1
2035-12-08 09:19:04 status installed libncursesw5 5.7+20081213-1
2035-12-08 09:19:06 configure info 4.11.dfsg.1-4 4.11.dfsg.1-4
2035-12-08 09:19:06 status unpacked info 4.11.dfsg.1-4
2035-12-08 09:19:07 status half-configured info 4.11.dfsg.1-4
2035-12-08 09:19:10 status installed info 4.11.dfsg.1-4
2035-12-08 09:19:11 configure iputils-ping 3:20071127-1+lenny1 3:20071127-1+lenny1
2035-12-08 09:19:11 status unpacked iputils-ping 3:20071127-1+lenny1
2035-12-08 09:19:13 status half-configured iputils-ping 3:20071127-1+lenny1
2035-12-08 09:19:14 status installed iputils-ping 3:20071127-1+lenny1
2035-12-08 09:19:24 configure libbz2-1.0 1.0.5-1+lenny1 1.0.5-1+lenny1
2035-12-08 09:19:24 status unpacked libbz2-1.0 1.0.5-1+lenny1
2035-12-08 09:19:26 status half-configured libbz2-1.0 1.0.5-1+lenny1
2035-12-08 09:19:29 status installed libbz2-1.0 1.0.5-1+lenny1
2035-12-08 09:19:32 configure cron 3.0pl1-105 3.0pl1-105
2035-12-08 09:19:32 status unpacked cron 3.0pl1-105
2035-12-08 09:19:33 status unpacked cron 3.0pl1-105
2035-12-08 09:19:34 status unpacked cron 3.0pl1-105
2035-12-08 09:19:36 status unpacked cron 3.0pl1-105
2035-12-08 09:19:37 status unpacked cron 3.0pl1-105
2035-12-08 09:19:38 status unpacked cron 3.0pl1-105
2035-12-08 09:19:40 status unpacked cron 3.0pl1-105
2035-12-08 09:19:42 status unpacked cron 3.0pl1-105
2035-12-08 09:19:43 status unpacked cron 3.0pl1-105
2035-12-08 09:19:44 status unpacked cron 3.0pl1-105
2035-12-08 09:19:46 status unpacked cron 3.0pl1-105
2035-12-08 09:19:47 status unpacked cron 3.0pl1-105
2035-12-08 09:19:48 status half-configured cron 3.0pl1-105
2035-12-08 09:20:03 status installed cron 3.0pl1-105
2035-12-08 09:20:04 configure nano 2.0.7-5 2.0.7-5
2035-12-08 09:20:04 status unpacked nano 2.0.7-5
2035-12-08 09:20:06 status unpacked nano 2.0.7-5
2035-12-08 09:20:08 status half-configured nano 2.0.7-5
2035-12-08 09:20:13 status installed nano 2.0.7-5
2035-12-08 09:20:16 configure dhcp3-common 3.1.1-6+lenny6 3.1.1-6+lenny6
2035-12-08 09:20:16 status unpacked dhcp3-common 3.1.1-6+lenny6
2035-12-08 09:20:17 status half-configured dhcp3-common 3.1.1-6+lenny6
2035-12-08 09:20:19 status installed dhcp3-common 3.1.1-6+lenny6
2035-12-08 09:20:20 configure libconsole 1:0.2.3dbs-65.1 1:0.2.3dbs-65.1
2035-12-08 09:20:20 status unpacked libconsole 1:0.2.3dbs-65.1
2035-12-08 09:20:21 status half-configured libconsole 1:0.2.3dbs-65.1
2035-12-08 09:20:24 status installed libconsole 1:0.2.3dbs-65.1
2035-12-08 09:20:26 configure iptables 1.4.2-6 1.4.2-6
2035-12-08 09:20:26 status unpacked iptables 1.4.2-6
2035-12-08 09:20:27 status half-configured iptables 1.4.2-6
2035-12-08 09:20:30 status installed iptables 1.4.2-6
2035-12-08 09:20:32 configure rsyslog 3.18.6-4 3.18.6-4
2035-12-08 09:20:32 status unpacked rsyslog 3.18.6-4
2035-12-08 09:20:33 status unpacked rsyslog 3.18.6-4
2035-12-08 09:20:35 status unpacked rsyslog 3.18.6-4
2035-12-08 09:20:44 status unpacked rsyslog 3.18.6-4
2035-12-08 09:20:46 status unpacked rsyslog 3.18.6-4
2035-12-08 09:20:48 status half-configured rsyslog 3.18.6-4
2035-12-08 09:20:50 status installed rsyslog 3.18.6-4
2035-12-08 09:20:51 configure cpio 2.9-13lenny1 2.9-13lenny1
2035-12-08 09:20:51 status unpacked cpio 2.9-13lenny1
2035-12-08 09:20:53 status half-configured cpio 2.9-13lenny1
2035-12-08 09:20:57 status installed cpio 2.9-13lenny1
2035-12-08 09:20:59 configure vim-tiny 1:7.1.314-3+lenny2 1:7.1.314-3+lenny2
2035-12-08 09:20:59 status unpacked vim-tiny 1:7.1.314-3+lenny2
2035-12-08 09:21:01 status unpacked vim-tiny 1:7.1.314-3+lenny2
2035-12-08 09:21:02 status half-configured vim-tiny 1:7.1.314-3+lenny2
2035-12-08 09:21:14 status installed vim-tiny 1:7.1.314-3+lenny2
2035-12-08 09:21:24 configure readline-common 5.2-3.1 5.2-3.1
2035-12-08 09:21:24 status unpacked readline-common 5.2-3.1
2035-12-08 09:21:27 status half-configured readline-common 5.2-3.1
2035-12-08 09:21:30 status installed readline-common 5.2-3.1
2035-12-08 09:21:33 configure libwrap0 7.6.q-16 7.6.q-16
2035-12-08 09:21:33 status unpacked libwrap0 7.6.q-16
2035-12-08 09:21:34 status half-configured libwrap0 7.6.q-16
2035-12-08 09:21:38 status installed libwrap0 7.6.q-16
2035-12-08 09:21:43 configure tcpd 7.6.q-16 7.6.q-16
2035-12-08 09:21:43 status unpacked tcpd 7.6.q-16
2035-12-08 09:21:45 status half-configured tcpd 7.6.q-16
2035-12-08 09:22:04 status installed tcpd 7.6.q-16
2035-12-08 09:22:07 configure man-db 2.5.2-5 2.5.2-5
2035-12-08 09:22:07 status unpacked man-db 2.5.2-5
2035-12-08 09:22:08 status unpacked man-db 2.5.2-5
2035-12-08 09:22:09 status unpacked man-db 2.5.2-5
2035-12-08 09:22:11 status unpacked man-db 2.5.2-5
2035-12-08 09:22:12 status half-configured man-db 2.5.2-5
2035-12-08 09:27:42 status installed man-db 2.5.2-5
2035-12-08 09:27:43 configure libgcrypt11 1.4.1-1 1.4.1-1
2035-12-08 09:27:43 status unpacked libgcrypt11 1.4.1-1
2035-12-08 09:27:45 status half-configured libgcrypt11 1.4.1-1
2035-12-08 09:27:48 status installed libgcrypt11 1.4.1-1
2035-12-08 09:27:49 configure whiptail 0.52.2-11.3+lenny1 0.52.2-11.3+lenny1
2035-12-08 09:27:49 status unpacked whiptail 0.52.2-11.3+lenny1
2035-12-08 09:27:56 status half-configured whiptail 0.52.2-11.3+lenny1
2035-12-08 09:27:57 status installed whiptail 0.52.2-11.3+lenny1
2035-12-08 09:27:59 configure ifupdown 0.6.8+nmu1 0.6.8+nmu1
2035-12-08 09:27:59 status unpacked ifupdown 0.6.8+nmu1
2035-12-08 09:28:00 status unpacked ifupdown 0.6.8+nmu1
2035-12-08 09:28:01 status unpacked ifupdown 0.6.8+nmu1
2035-12-08 09:28:03 status unpacked ifupdown 0.6.8+nmu1
2035-12-08 09:28:04 status half-configured ifupdown 0.6.8+nmu1
2035-12-08 09:28:06 status installed ifupdown 0.6.8+nmu1
2035-12-08 09:28:07 configure dhcp3-client 3.1.1-6+lenny6 3.1.1-6+lenny6
2035-12-08 09:28:07 status unpacked dhcp3-client 3.1.1-6+lenny6
2035-12-08 09:28:09 status unpacked dhcp3-client 3.1.1-6+lenny6
2035-12-08 09:28:10 status unpacked dhcp3-client 3.1.1-6+lenny6
2035-12-08 09:28:11 status unpacked dhcp3-client 3.1.1-6+lenny6
2035-12-08 09:28:13 status unpacked dhcp3-client 3.1.1-6+lenny6
2035-12-08 09:28:14 status half-configured dhcp3-client 3.1.1-6+lenny6
2035-12-08 09:28:26 status installed dhcp3-client 3.1.1-6+lenny6
2035-12-08 09:28:28 configure libreadline5 5.2-3.1 5.2-3.1
2035-12-08 09:28:28 status unpacked libreadline5 5.2-3.1
2035-12-08 09:28:29 status half-configured libreadline5 5.2-3.1
2035-12-08 09:28:38 status installed libreadline5 5.2-3.1
2035-12-08 09:28:40 configure logrotate 3.7.1-5 3.7.1-5
2035-12-08 09:28:40 status unpacked logrotate 3.7.1-5
2035-12-08 09:28:41 status unpacked logrotate 3.7.1-5
2035-12-08 09:28:42 status unpacked logrotate 3.7.1-5
2035-12-08 09:28:44 status half-configured logrotate 3.7.1-5
2035-12-08 09:28:45 status installed logrotate 3.7.1-5
2035-12-08 09:28:46 configure gnupg 1.4.9-3+lenny1 1.4.9-3+lenny1
2035-12-08 09:28:46 status unpacked gnupg 1.4.9-3+lenny1
2035-12-08 09:28:48 status half-configured gnupg 1.4.9-3+lenny1
2035-12-08 09:28:49 status installed gnupg 1.4.9-3+lenny1
2035-12-08 09:28:50 configure libcwidget3 0.5.12-4 0.5.12-4
2035-12-08 09:28:50 status unpacked libcwidget3 0.5.12-4
2035-12-08 09:28:52 status half-configured libcwidget3 0.5.12-4
2035-12-08 09:28:54 status installed libcwidget3 0.5.12-4
2035-12-08 09:28:56 configure libgnutls26 2.4.2-6+lenny2 2.4.2-6+lenny2
2035-12-08 09:28:56 status unpacked libgnutls26 2.4.2-6+lenny2
2035-12-08 09:28:58 status half-configured libgnutls26 2.4.2-6+lenny2
2035-12-08 09:29:02 status installed libgnutls26 2.4.2-6+lenny2
2035-12-08 09:29:03 configure debian-archive-keyring 2010.08.28~lenny1 2010.08.28~lenny1
2035-12-08 09:29:03 status unpacked debian-archive-keyring 2010.08.28~lenny1
2035-12-08 09:29:05 status half-configured debian-archive-keyring 2010.08.28~lenny1
2035-12-08 09:29:09 status installed debian-archive-keyring 2010.08.28~lenny1
2035-12-08 09:29:14 configure apt 0.7.20.2+lenny2 0.7.20.2+lenny2
2035-12-08 09:29:14 status unpacked apt 0.7.20.2+lenny2
2035-12-08 09:29:15 status unpacked apt 0.7.20.2+lenny2
2035-12-08 09:29:17 status unpacked apt 0.7.20.2+lenny2
2035-12-08 09:29:18 status unpacked apt 0.7.20.2+lenny2
2035-12-08 09:29:19 status half-configured apt 0.7.20.2+lenny2
2035-12-08 09:29:23 status installed apt 0.7.20.2+lenny2
2035-12-08 09:29:25 configure libept0 0.5.22 0.5.22
2035-12-08 09:29:25 status unpacked libept0 0.5.22
2035-12-08 09:29:27 status half-configured libept0 0.5.22
2035-12-08 09:29:30 status installed libept0 0.5.22
2035-12-08 09:29:32 configure apt-utils 0.7.20.2+lenny2 0.7.20.2+lenny2
2035-12-08 09:29:32 status unpacked apt-utils 0.7.20.2+lenny2
2035-12-08 09:29:33 status half-configured apt-utils 0.7.20.2+lenny2
2035-12-08 09:29:37 status installed apt-utils 0.7.20.2+lenny2
2035-12-08 09:29:39 configure aptitude 0.4.11.11-1~lenny2 0.4.11.11-1~lenny2
2035-12-08 09:29:39 status unpacked aptitude 0.4.11.11-1~lenny2
2035-12-08 09:29:42 status unpacked aptitude 0.4.11.11-1~lenny2
2035-12-08 09:29:43 status unpacked aptitude 0.4.11.11-1~lenny2
2035-12-08 09:29:44 status half-configured aptitude 0.4.11.11-1~lenny2
2035-12-08 09:29:51 status installed aptitude 0.4.11.11-1~lenny2
2035-12-08 09:29:52 configure tasksel-data 2.78 2.78
2035-12-08 09:29:52 status unpacked tasksel-data 2.78
2035-12-08 09:29:54 status half-configured tasksel-data 2.78
2035-12-08 09:29:55 status installed tasksel-data 2.78
2035-12-08 09:29:56 configure tasksel 2.78 2.78
2035-12-08 09:29:56 status unpacked tasksel 2.78
2035-12-08 09:29:58 status half-configured tasksel 2.78
2035-12-08 09:30:08 status installed tasksel 2.78
